{"/home/seven-usr/xterminal-pro/src/main.js": {"path":"/home/seven-usr/xterminal-pro/src/main.js","statementMap":{"0":{"start":{"line":7,"column":14},"end":{"line":7,"column":null}},"1":{"start":{"line":8,"column":0},"end":{"line":8,"column":null}},"2":{"start":{"line":11,"column":0},"end":{"line":13,"column":null}},"3":{"start":{"line":12,"column":2},"end":{"line":12,"column":null}},"4":{"start":{"line":15,"column":0},"end":{"line":15,"column":null}}},"fnMap":{"0":{"name":"(anonymous_0)","decl":{"start":{"line":11,"column":20},"end":{"line":11,"column":25}},"loc":{"start":{"line":11,"column":29},"end":{"line":13,"column":1}},"line":11}},"branchMap":{"0":{"loc":{"start":{"line":7,"column":14},"end":{"line":7,"column":null}},"type":"binary-expr","locations":[{"start":{"line":7,"column":14},"end":{"line":7,"column":53}},{"start":{"line":7,"column":57},"end":{"line":7,"column":null}}],"line":7}},"s":{"0":0,"1":0,"2":0,"3":0,"4":0},"f":{"0":0},"b":{"0":[0,0]},"meta":{"lastBranch":1,"lastFunction":1,"lastStatement":5,"seen":{"s:7:14:7:Infinity":0,"b:7:14:7:53:7:57:7:Infinity":0,"s:8:0:8:Infinity":1,"s:11:0:13:Infinity":2,"f:11:20:11:25":0,"s:12:2:12:Infinity":3,"s:15:0:15:Infinity":4}}}
,"/home/seven-usr/xterminal-pro/src/utils/auto-reconnect.js": {"path":"/home/seven-usr/xterminal-pro/src/utils/auto-reconnect.js","statementMap":{"0":{"start":{"line":4,"column":4},"end":{"line":4,"column":null}},"1":{"start":{"line":5,"column":4},"end":{"line":5,"column":null}},"2":{"start":{"line":6,"column":4},"end":{"line":6,"column":null}},"3":{"start":{"line":7,"column":4},"end":{"line":7,"column":null}},"4":{"start":{"line":11,"column":4},"end":{"line":11,"column":null}},"5":{"start":{"line":12,"column":4},"end":{"line":12,"column":null}},"6":{"start":{"line":16,"column":20},"end":{"line":16,"column":null}},"7":{"start":{"line":17,"column":21},"end":{"line":17,"column":null}},"8":{"start":{"line":19,"column":4},"end":{"line":29,"column":null}},"9":{"start":{"line":20,"column":6},"end":{"line":20,"column":null}},"10":{"start":{"line":22,"column":6},"end":{"line":26,"column":41}},"11":{"start":{"line":23,"column":8},"end":{"line":25,"column":null}},"12":{"start":{"line":24,"column":10},"end":{"line":24,"column":41}},"13":{"start":{"line":28,"column":6},"end":{"line":28,"column":null}},"14":{"start":{"line":31,"column":4},"end":{"line":31,"column":null}},"15":{"start":{"line":35,"column":4},"end":{"line":35,"column":37}},"16":{"start":{"line":39,"column":4},"end":{"line":39,"column":null}},"17":{"start":{"line":40,"column":4},"end":{"line":40,"column":null}},"18":{"start":{"line":45,"column":2},"end":{"line":45,"column":null}}},"fnMap":{"0":{"name":"(anonymous_0)","decl":{"start":{"line":3,"column":2},"end":{"line":3,"column":13}},"loc":{"start":{"line":3,"column":49},"end":{"line":8,"column":null}},"line":3},"1":{"name":"(anonymous_1)","decl":{"start":{"line":10,"column":2},"end":{"line":10,"column":10}},"loc":{"start":{"line":10,"column":35},"end":{"line":13,"column":null}},"line":10},"2":{"name":"(anonymous_2)","decl":{"start":{"line":15,"column":2},"end":{"line":15,"column":14}},"loc":{"start":{"line":15,"column":29},"end":{"line":32,"column":null}},"line":15},"3":{"name":"(anonymous_3)","decl":{"start":{"line":22,"column":17},"end":{"line":22,"column":18}},"loc":{"start":{"line":22,"column":23},"end":{"line":26,"column":7}},"line":22},"4":{"name":"(anonymous_4)","decl":{"start":{"line":23,"column":37},"end":{"line":23,"column":38}},"loc":{"start":{"line":23,"column":43},"end":{"line":25,"column":9}},"line":23},"5":{"name":"(anonymous_5)","decl":{"start":{"line":34,"column":2},"end":{"line":34,"column":11}},"loc":{"start":{"line":34,"column":26},"end":{"line":36,"column":null}},"line":34},"6":{"name":"(anonymous_6)","decl":{"start":{"line":38,"column":2},"end":{"line":38,"column":12}},"loc":{"start":{"line":38,"column":27},"end":{"line":41,"column":null}},"line":38},"7":{"name":"createReconnectManager","decl":{"start":{"line":44,"column":16},"end":{"line":44,"column":38}},"loc":{"start":{"line":44,"column":74},"end":{"line":46,"column":null}},"line":44}},"branchMap":{"0":{"loc":{"start":{"line":3,"column":14},"end":{"line":3,"column":28}},"type":"default-arg","locations":[{"start":{"line":3,"column":27},"end":{"line":3,"column":28}}],"line":3},"1":{"loc":{"start":{"line":3,"column":30},"end":{"line":3,"column":47}},"type":"default-arg","locations":[{"start":{"line":3,"column":43},"end":{"line":3,"column":47}}],"line":3},"2":{"loc":{"start":{"line":16,"column":20},"end":{"line":16,"column":null}},"type":"binary-expr","locations":[{"start":{"line":16,"column":20},"end":{"line":16,"column":50}},{"start":{"line":16,"column":54},"end":{"line":16,"column":null}}],"line":16},"3":{"loc":{"start":{"line":19,"column":4},"end":{"line":29,"column":null}},"type":"if","locations":[{"start":{"line":19,"column":4},"end":{"line":29,"column":null}},{"start":{},"end":{}}],"line":19},"4":{"loc":{"start":{"line":19,"column":8},"end":{"line":19,"column":45}},"type":"binary-expr","locations":[{"start":{"line":19,"column":8},"end":{"line":19,"column":33}},{"start":{"line":19,"column":37},"end":{"line":19,"column":45}}],"line":19},"5":{"loc":{"start":{"line":44,"column":39},"end":{"line":44,"column":53}},"type":"default-arg","locations":[{"start":{"line":44,"column":52},"end":{"line":44,"column":53}}],"line":44},"6":{"loc":{"start":{"line":44,"column":55},"end":{"line":44,"column":72}},"type":"default-arg","locations":[{"start":{"line":44,"column":68},"end":{"line":44,"column":72}}],"line":44}},"s":{"0":12,"1":12,"2":12,"3":12,"4":0,"5":0,"6":0,"7":0,"8":0,"9":0,"10":0,"11":0,"12":0,"13":0,"14":0,"15":0,"16":0,"17":0,"18":4},"f":{"0":12,"1":0,"2":0,"3":0,"4":0,"5":0,"6":0,"7":4},"b":{"0":[12],"1":[12],"2":[0,0],"3":[0,0],"4":[0,0],"5":[4],"6":[4]},"meta":{"lastBranch":7,"lastFunction":8,"lastStatement":19,"seen":{"f:3:2:3:13":0,"b:3:27:3:28":0,"b:3:43:3:47":1,"s:4:4:4:Infinity":0,"s:5:4:5:Infinity":1,"s:6:4:6:Infinity":2,"s:7:4:7:Infinity":3,"f:10:2:10:10":1,"s:11:4:11:Infinity":4,"s:12:4:12:Infinity":5,"f:15:2:15:14":2,"s:16:20:16:Infinity":6,"b:16:20:16:50:16:54:16:Infinity":2,"s:17:21:17:Infinity":7,"b:19:4:29:Infinity:undefined:undefined:undefined:undefined":3,"s:19:4:29:Infinity":8,"b:19:8:19:33:19:37:19:45":4,"s:20:6:20:Infinity":9,"s:22:6:26:41":10,"f:22:17:22:18":3,"s:23:8:25:Infinity":11,"f:23:37:23:38":4,"s:24:10:24:41":12,"s:28:6:28:Infinity":13,"s:31:4:31:Infinity":14,"f:34:2:34:11":5,"s:35:4:35:37":15,"f:38:2:38:12":6,"s:39:4:39:Infinity":16,"s:40:4:40:Infinity":17,"f:44:16:44:38":7,"b:44:52:44:53":5,"b:44:68:44:72":6,"s:45:2:45:Infinity":18}}}
,"/home/seven-usr/xterminal-pro/src/utils/command-completion.js": {"path":"/home/seven-usr/xterminal-pro/src/utils/command-completion.js","statementMap":{"0":{"start":{"line":3,"column":23},"end":{"line":26,"column":null}},"1":{"start":{"line":29,"column":2},"end":{"line":29,"column":null}},"2":{"start":{"line":29,"column":34},"end":{"line":29,"column":null}},"3":{"start":{"line":31,"column":16},"end":{"line":31,"column":null}},"4":{"start":{"line":32,"column":18},"end":{"line":34,"column":null}},"5":{"start":{"line":33,"column":19},"end":{"line":33,"column":85}},"6":{"start":{"line":36,"column":2},"end":{"line":36,"column":null}},"7":{"start":{"line":41,"column":20},"end":{"line":41,"column":null}},"8":{"start":{"line":44,"column":2},"end":{"line":52,"column":null}},"9":{"start":{"line":45,"column":27},"end":{"line":48,"column":null}},"10":{"start":{"line":46,"column":21},"end":{"line":46,"column":115}},"11":{"start":{"line":51,"column":4},"end":{"line":51,"column":null}},"12":{"start":{"line":54,"column":2},"end":{"line":54,"column":null}}},"fnMap":{"0":{"name":"getCompletions","decl":{"start":{"line":28,"column":16},"end":{"line":28,"column":30}},"loc":{"start":{"line":28,"column":38},"end":{"line":37,"column":null}},"line":28},"1":{"name":"(anonymous_1)","decl":{"start":{"line":33,"column":12},"end":{"line":33,"column":15}},"loc":{"start":{"line":33,"column":19},"end":{"line":33,"column":85}},"line":33},"2":{"name":"getSmartCompletions","decl":{"start":{"line":39,"column":16},"end":{"line":39,"column":35}},"loc":{"start":{"line":39,"column":57},"end":{"line":55,"column":null}},"line":39},"3":{"name":"(anonymous_3)","decl":{"start":{"line":46,"column":14},"end":{"line":46,"column":17}},"loc":{"start":{"line":46,"column":21},"end":{"line":46,"column":115}},"line":46}},"branchMap":{"0":{"loc":{"start":{"line":29,"column":2},"end":{"line":29,"column":null}},"type":"if","locations":[{"start":{"line":29,"column":2},"end":{"line":29,"column":null}},{"start":{},"end":{}}],"line":29},"1":{"loc":{"start":{"line":29,"column":6},"end":{"line":29,"column":32}},"type":"binary-expr","locations":[{"start":{"line":29,"column":6},"end":{"line":29,"column":12}},{"start":{"line":29,"column":16},"end":{"line":29,"column":32}}],"line":29},"2":{"loc":{"start":{"line":33,"column":19},"end":{"line":33,"column":85}},"type":"binary-expr","locations":[{"start":{"line":33,"column":19},"end":{"line":33,"column":54}},{"start":{"line":33,"column":58},"end":{"line":33,"column":85}}],"line":33},"3":{"loc":{"start":{"line":39,"column":43},"end":{"line":39,"column":55}},"type":"default-arg","locations":[{"start":{"line":39,"column":53},"end":{"line":39,"column":55}}],"line":39},"4":{"loc":{"start":{"line":44,"column":2},"end":{"line":52,"column":null}},"type":"if","locations":[{"start":{"line":44,"column":2},"end":{"line":52,"column":null}},{"start":{},"end":{}}],"line":44},"5":{"loc":{"start":{"line":46,"column":21},"end":{"line":46,"column":115}},"type":"binary-expr","locations":[{"start":{"line":46,"column":21},"end":{"line":46,"column":70}},{"start":{"line":46,"column":74},"end":{"line":46,"column":115}}],"line":46}},"s":{"0":0,"1":0,"2":0,"3":0,"4":0,"5":0,"6":0,"7":0,"8":0,"9":0,"10":0,"11":0,"12":0},"f":{"0":0,"1":0,"2":0,"3":0},"b":{"0":[0,0],"1":[0,0],"2":[0,0],"3":[0],"4":[0,0],"5":[0,0]},"meta":{"lastBranch":6,"lastFunction":4,"lastStatement":13,"seen":{"s:3:23:26:Infinity":0,"f:28:16:28:30":0,"b:29:2:29:Infinity:undefined:undefined:undefined:undefined":0,"s:29:2:29:Infinity":1,"b:29:6:29:12:29:16:29:32":1,"s:29:34:29:Infinity":2,"s:31:16:31:Infinity":3,"s:32:18:34:Infinity":4,"f:33:12:33:15":1,"s:33:19:33:85":5,"b:33:19:33:54:33:58:33:85":2,"s:36:2:36:Infinity":6,"f:39:16:39:35":2,"b:39:53:39:55":3,"s:41:20:41:Infinity":7,"b:44:2:52:Infinity:undefined:undefined:undefined:undefined":4,"s:44:2:52:Infinity":8,"s:45:27:48:Infinity":9,"f:46:14:46:17":3,"s:46:21:46:115":10,"b:46:21:46:70:46:74:46:115":5,"s:51:4:51:Infinity":11,"s:54:2:54:Infinity":12}}}
,"/home/seven-usr/xterminal-pro/src/utils/connection-colors.js": {"path":"/home/seven-usr/xterminal-pro/src/utils/connection-colors.js","statementMap":{"0":{"start":{"line":3,"column":32},"end":{"line":10,"column":null}},"1":{"start":{"line":13,"column":2},"end":{"line":13,"column":null}},"2":{"start":{"line":13,"column":36},"end":{"line":13,"column":58}},"3":{"start":{"line":17,"column":14},"end":{"line":19,"column":null}},"4":{"start":{"line":20,"column":2},"end":{"line":20,"column":null}}},"fnMap":{"0":{"name":"getColorClass","decl":{"start":{"line":12,"column":16},"end":{"line":12,"column":29}},"loc":{"start":{"line":12,"column":42},"end":{"line":14,"column":null}},"line":12},"1":{"name":"(anonymous_1)","decl":{"start":{"line":13,"column":31},"end":{"line":13,"column":32}},"loc":{"start":{"line":13,"column":36},"end":{"line":13,"column":58}},"line":13},"2":{"name":"getColorDot","decl":{"start":{"line":16,"column":16},"end":{"line":16,"column":27}},"loc":{"start":{"line":16,"column":40},"end":{"line":21,"column":null}},"line":16}},"branchMap":{"0":{"loc":{"start":{"line":13,"column":9},"end":{"line":13,"column":null}},"type":"binary-expr","locations":[{"start":{"line":13,"column":9},"end":{"line":13,"column":59}},{"start":{"line":13,"column":63},"end":{"line":13,"column":null}}],"line":13},"1":{"loc":{"start":{"line":20,"column":9},"end":{"line":20,"column":null}},"type":"binary-expr","locations":[{"start":{"line":20,"column":9},"end":{"line":20,"column":24}},{"start":{"line":20,"column":28},"end":{"line":20,"column":null}}],"line":20}},"s":{"0":0,"1":0,"2":0,"3":0,"4":0},"f":{"0":0,"1":0,"2":0},"b":{"0":[0,0],"1":[0,0]},"meta":{"lastBranch":2,"lastFunction":3,"lastStatement":5,"seen":{"s:3:32:10:Infinity":0,"f:12:16:12:29":0,"s:13:2:13:Infinity":1,"b:13:9:13:59:13:63:13:Infinity":0,"f:13:31:13:32":1,"s:13:36:13:58":2,"f:16:16:16:27":2,"s:17:14:19:Infinity":3,"s:20:2:20:Infinity":4,"b:20:9:20:24:20:28:20:Infinity":1}}}
,"/home/seven-usr/xterminal-pro/src/utils/connection-tags.js": {"path":"/home/seven-usr/xterminal-pro/src/utils/connection-tags.js","statementMap":{"0":{"start":{"line":2,"column":20},"end":{"line":2,"column":null}},"1":{"start":{"line":5,"column":2},"end":{"line":10,"column":null}},"2":{"start":{"line":5,"column":8},"end":{"line":10,"column":3}},"3":{"start":{"line":10,"column":13},"end":{"line":10,"column":22}},"4":{"start":{"line":14,"column":15},"end":{"line":14,"column":null}},"5":{"start":{"line":15,"column":2},"end":{"line":15,"column":null}},"6":{"start":{"line":16,"column":2},"end":{"line":16,"column":null}},"7":{"start":{"line":17,"column":2},"end":{"line":17,"column":null}},"8":{"start":{"line":21,"column":15},"end":{"line":21,"column":null}},"9":{"start":{"line":21,"column":37},"end":{"line":21,"column":48}},"10":{"start":{"line":22,"column":2},"end":{"line":22,"column":null}},"11":{"start":{"line":23,"column":2},"end":{"line":23,"column":null}},"12":{"start":{"line":27,"column":14},"end":{"line":27,"column":null}},"13":{"start":{"line":27,"column":34},"end":{"line":27,"column":48}},"14":{"start":{"line":28,"column":2},"end":{"line":28,"column":null}}},"fnMap":{"0":{"name":"getTags","decl":{"start":{"line":4,"column":16},"end":{"line":4,"column":23}},"loc":{"start":{"line":4,"column":26},"end":{"line":11,"column":null}},"line":4},"1":{"name":"addTag","decl":{"start":{"line":13,"column":16},"end":{"line":13,"column":22}},"loc":{"start":{"line":13,"column":36},"end":{"line":18,"column":null}},"line":13},"2":{"name":"removeTag","decl":{"start":{"line":20,"column":16},"end":{"line":20,"column":25}},"loc":{"start":{"line":20,"column":30},"end":{"line":24,"column":null}},"line":20},"3":{"name":"(anonymous_3)","decl":{"start":{"line":21,"column":32},"end":{"line":21,"column":33}},"loc":{"start":{"line":21,"column":37},"end":{"line":21,"column":48}},"line":21},"4":{"name":"getTagColor","decl":{"start":{"line":26,"column":16},"end":{"line":26,"column":27}},"loc":{"start":{"line":26,"column":35},"end":{"line":29,"column":null}},"line":26},"5":{"name":"(anonymous_5)","decl":{"start":{"line":27,"column":29},"end":{"line":27,"column":30}},"loc":{"start":{"line":27,"column":34},"end":{"line":27,"column":48}},"line":27}},"branchMap":{"0":{"loc":{"start":{"line":5,"column":15},"end":{"line":10,"column":3}},"type":"binary-expr","locations":[{"start":{"line":5,"column":15},"end":{"line":5,"column":60}},{"start":{"line":5,"column":64},"end":{"line":10,"column":3}}],"line":5},"1":{"loc":{"start":{"line":28,"column":9},"end":{"line":28,"column":null}},"type":"binary-expr","locations":[{"start":{"line":28,"column":9},"end":{"line":28,"column":19}},{"start":{"line":28,"column":23},"end":{"line":28,"column":null}}],"line":28}},"s":{"0":0,"1":0,"2":0,"3":0,"4":0,"5":0,"6":0,"7":0,"8":0,"9":0,"10":0,"11":0,"12":0,"13":0,"14":0},"f":{"0":0,"1":0,"2":0,"3":0,"4":0,"5":0},"b":{"0":[0,0],"1":[0,0]},"meta":{"lastBranch":2,"lastFunction":6,"lastStatement":15,"seen":{"s:2:20:2:Infinity":0,"f:4:16:4:23":0,"s:5:2:10:Infinity":1,"s:5:8:10:3":2,"b:5:15:5:60:5:64:10:3":0,"s:10:13:10:22":3,"f:13:16:13:22":1,"s:14:15:14:Infinity":4,"s:15:2:15:Infinity":5,"s:16:2:16:Infinity":6,"s:17:2:17:Infinity":7,"f:20:16:20:25":2,"s:21:15:21:Infinity":8,"f:21:32:21:33":3,"s:21:37:21:48":9,"s:22:2:22:Infinity":10,"s:23:2:23:Infinity":11,"f:26:16:26:27":4,"s:27:14:27:Infinity":12,"f:27:29:27:30":5,"s:27:34:27:48":13,"s:28:2:28:Infinity":14,"b:28:9:28:19:28:23:28:Infinity":1}}}
,"/home/seven-usr/xterminal-pro/src/utils/drop-upload.js": {"path":"/home/seven-usr/xterminal-pro/src/utils/drop-upload.js","statementMap":{"0":{"start":{"line":3,"column":2},"end":{"line":3,"column":null}},"1":{"start":{"line":3,"column":16},"end":{"line":3,"column":null}},"2":{"start":{"line":5,"column":2},"end":{"line":9,"column":null}},"3":{"start":{"line":6,"column":4},"end":{"line":6,"column":null}},"4":{"start":{"line":7,"column":4},"end":{"line":7,"column":null}},"5":{"start":{"line":8,"column":4},"end":{"line":8,"column":null}},"6":{"start":{"line":11,"column":2},"end":{"line":13,"column":null}},"7":{"start":{"line":12,"column":4},"end":{"line":12,"column":null}},"8":{"start":{"line":15,"column":2},"end":{"line":23,"column":null}},"9":{"start":{"line":16,"column":4},"end":{"line":16,"column":null}},"10":{"start":{"line":17,"column":4},"end":{"line":17,"column":null}},"11":{"start":{"line":19,"column":18},"end":{"line":19,"column":null}},"12":{"start":{"line":20,"column":4},"end":{"line":22,"column":null}},"13":{"start":{"line":21,"column":6},"end":{"line":21,"column":null}}},"fnMap":{"0":{"name":"setupDropUpload","decl":{"start":{"line":2,"column":16},"end":{"line":2,"column":31}},"loc":{"start":{"line":2,"column":51},"end":{"line":24,"column":null}},"line":2},"1":{"name":"(anonymous_1)","decl":{"start":{"line":5,"column":39},"end":{"line":5,"column":40}},"loc":{"start":{"line":5,"column":46},"end":{"line":9,"column":3}},"line":5},"2":{"name":"(anonymous_2)","decl":{"start":{"line":11,"column":40},"end":{"line":11,"column":41}},"loc":{"start":{"line":11,"column":46},"end":{"line":13,"column":3}},"line":11},"3":{"name":"(anonymous_3)","decl":{"start":{"line":15,"column":35},"end":{"line":15,"column":36}},"loc":{"start":{"line":15,"column":42},"end":{"line":23,"column":3}},"line":15}},"branchMap":{"0":{"loc":{"start":{"line":3,"column":2},"end":{"line":3,"column":null}},"type":"if","locations":[{"start":{"line":3,"column":2},"end":{"line":3,"column":null}},{"start":{},"end":{}}],"line":3},"1":{"loc":{"start":{"line":20,"column":4},"end":{"line":22,"column":null}},"type":"if","locations":[{"start":{"line":20,"column":4},"end":{"line":22,"column":null}},{"start":{},"end":{}}],"line":20}},"s":{"0":0,"1":0,"2":0,"3":0,"4":0,"5":0,"6":0,"7":0,"8":0,"9":0,"10":0,"11":0,"12":0,"13":0},"f":{"0":0,"1":0,"2":0,"3":0},"b":{"0":[0,0],"1":[0,0]},"meta":{"lastBranch":2,"lastFunction":4,"lastStatement":14,"seen":{"f:2:16:2:31":0,"b:3:2:3:Infinity:undefined:undefined:undefined:undefined":0,"s:3:2:3:Infinity":0,"s:3:16:3:Infinity":1,"s:5:2:9:Infinity":2,"f:5:39:5:40":1,"s:6:4:6:Infinity":3,"s:7:4:7:Infinity":4,"s:8:4:8:Infinity":5,"s:11:2:13:Infinity":6,"f:11:40:11:41":2,"s:12:4:12:Infinity":7,"s:15:2:23:Infinity":8,"f:15:35:15:36":3,"s:16:4:16:Infinity":9,"s:17:4:17:Infinity":10,"s:19:18:19:Infinity":11,"b:20:4:22:Infinity:undefined:undefined:undefined:undefined":1,"s:20:4:22:Infinity":12,"s:21:6:21:Infinity":13}}}
,"/home/seven-usr/xterminal-pro/src/utils/favorites.js": {"path":"/home/seven-usr/xterminal-pro/src/utils/favorites.js","statementMap":{"0":{"start":{"line":2,"column":20},"end":{"line":2,"column":null}},"1":{"start":{"line":5,"column":2},"end":{"line":6,"column":null}},"2":{"start":{"line":5,"column":8},"end":{"line":5,"column":66}},"3":{"start":{"line":6,"column":10},"end":{"line":6,"column":19}},"4":{"start":{"line":10,"column":15},"end":{"line":10,"column":null}},"5":{"start":{"line":11,"column":14},"end":{"line":11,"column":null}},"6":{"start":{"line":12,"column":2},"end":{"line":13,"column":null}},"7":{"start":{"line":12,"column":16},"end":{"line":12,"column":null}},"8":{"start":{"line":13,"column":7},"end":{"line":13,"column":null}},"9":{"start":{"line":14,"column":2},"end":{"line":14,"column":null}},"10":{"start":{"line":15,"column":2},"end":{"line":15,"column":null}},"11":{"start":{"line":19,"column":2},"end":{"line":19,"column":null}},"12":{"start":{"line":23,"column":15},"end":{"line":23,"column":null}},"13":{"start":{"line":24,"column":2},"end":{"line":28,"column":null}},"14":{"start":{"line":25,"column":17},"end":{"line":25,"column":null}},"15":{"start":{"line":26,"column":17},"end":{"line":26,"column":null}},"16":{"start":{"line":27,"column":4},"end":{"line":27,"column":null}}},"fnMap":{"0":{"name":"getFavorites","decl":{"start":{"line":4,"column":16},"end":{"line":4,"column":28}},"loc":{"start":{"line":4,"column":31},"end":{"line":7,"column":null}},"line":4},"1":{"name":"toggleFavorite","decl":{"start":{"line":9,"column":16},"end":{"line":9,"column":30}},"loc":{"start":{"line":9,"column":45},"end":{"line":16,"column":null}},"line":9},"2":{"name":"isFavorite","decl":{"start":{"line":18,"column":16},"end":{"line":18,"column":26}},"loc":{"start":{"line":18,"column":41},"end":{"line":20,"column":null}},"line":18},"3":{"name":"sortWithFavorites","decl":{"start":{"line":22,"column":16},"end":{"line":22,"column":33}},"loc":{"start":{"line":22,"column":47},"end":{"line":29,"column":null}},"line":22},"4":{"name":"(anonymous_4)","decl":{"start":{"line":24,"column":31},"end":{"line":24,"column":32}},"loc":{"start":{"line":24,"column":41},"end":{"line":28,"column":3}},"line":24}},"branchMap":{"0":{"loc":{"start":{"line":5,"column":15},"end":{"line":5,"column":66}},"type":"binary-expr","locations":[{"start":{"line":5,"column":15},"end":{"line":5,"column":60}},{"start":{"line":5,"column":64},"end":{"line":5,"column":66}}],"line":5},"1":{"loc":{"start":{"line":12,"column":2},"end":{"line":13,"column":null}},"type":"if","locations":[{"start":{"line":12,"column":2},"end":{"line":13,"column":null}},{"start":{"line":13,"column":7},"end":{"line":13,"column":null}}],"line":12},"2":{"loc":{"start":{"line":25,"column":17},"end":{"line":25,"column":null}},"type":"cond-expr","locations":[{"start":{"line":25,"column":34},"end":{"line":25,"column":35}},{"start":{"line":25,"column":38},"end":{"line":25,"column":null}}],"line":25},"3":{"loc":{"start":{"line":26,"column":17},"end":{"line":26,"column":null}},"type":"cond-expr","locations":[{"start":{"line":26,"column":34},"end":{"line":26,"column":35}},{"start":{"line":26,"column":38},"end":{"line":26,"column":null}}],"line":26}},"s":{"0":1,"1":71,"2":71,"3":1,"4":39,"5":39,"6":39,"7":6,"8":33,"9":39,"10":39,"11":10,"12":10,"13":10,"14":30,"15":30,"16":30},"f":{"0":71,"1":39,"2":10,"3":10,"4":30},"b":{"0":[71,24],"1":[6,33],"2":[18,12],"3":[14,16]},"meta":{"lastBranch":4,"lastFunction":5,"lastStatement":17,"seen":{"s:2:20:2:Infinity":0,"f:4:16:4:28":0,"s:5:2:6:Infinity":1,"s:5:8:5:66":2,"b:5:15:5:60:5:64:5:66":0,"s:6:10:6:19":3,"f:9:16:9:30":1,"s:10:15:10:Infinity":4,"s:11:14:11:Infinity":5,"b:12:2:13:Infinity:13:7:13:Infinity":1,"s:12:2:13:Infinity":6,"s:12:16:12:Infinity":7,"s:13:7:13:Infinity":8,"s:14:2:14:Infinity":9,"s:15:2:15:Infinity":10,"f:18:16:18:26":2,"s:19:2:19:Infinity":11,"f:22:16:22:33":3,"s:23:15:23:Infinity":12,"s:24:2:28:Infinity":13,"f:24:31:24:32":4,"s:25:17:25:Infinity":14,"b:25:34:25:35:25:38:25:Infinity":2,"s:26:17:26:Infinity":15,"b:26:34:26:35:26:38:26:Infinity":3,"s:27:4:27:Infinity":16}}}
,"/home/seven-usr/xterminal-pro/src/utils/i18n.js": {"path":"/home/seven-usr/xterminal-pro/src/utils/i18n.js","statementMap":{"0":{"start":{"line":3,"column":17},"end":{"line":30,"column":null}},"1":{"start":{"line":32,"column":20},"end":{"line":32,"column":null}},"2":{"start":{"line":35,"column":15},"end":{"line":35,"column":null}},"3":{"start":{"line":36,"column":15},"end":{"line":36,"column":null}},"4":{"start":{"line":37,"column":2},"end":{"line":39,"column":null}},"5":{"start":{"line":38,"column":4},"end":{"line":38,"column":null}},"6":{"start":{"line":40,"column":2},"end":{"line":40,"column":null}},"7":{"start":{"line":44,"column":2},"end":{"line":44,"column":null}},"8":{"start":{"line":45,"column":2},"end":{"line":45,"column":null}},"9":{"start":{"line":49,"column":2},"end":{"line":49,"column":null}},"10":{"start":{"line":53,"column":2},"end":{"line":53,"column":null}}},"fnMap":{"0":{"name":"t","decl":{"start":{"line":34,"column":16},"end":{"line":34,"column":17}},"loc":{"start":{"line":34,"column":23},"end":{"line":41,"column":null}},"line":34},"1":{"name":"setLocale","decl":{"start":{"line":43,"column":16},"end":{"line":43,"column":25}},"loc":{"start":{"line":43,"column":34},"end":{"line":46,"column":null}},"line":43},"2":{"name":"getLocale","decl":{"start":{"line":48,"column":16},"end":{"line":48,"column":25}},"loc":{"start":{"line":48,"column":28},"end":{"line":50,"column":null}},"line":48},"3":{"name":"getLocales","decl":{"start":{"line":52,"column":16},"end":{"line":52,"column":26}},"loc":{"start":{"line":52,"column":29},"end":{"line":54,"column":null}},"line":52}},"branchMap":{"0":{"loc":{"start":{"line":32,"column":20},"end":{"line":32,"column":null}},"type":"binary-expr","locations":[{"start":{"line":32,"column":20},"end":{"line":32,"column":60}},{"start":{"line":32,"column":64},"end":{"line":32,"column":null}}],"line":32},"1":{"loc":{"start":{"line":40,"column":9},"end":{"line":40,"column":null}},"type":"binary-expr","locations":[{"start":{"line":40,"column":9},"end":{"line":40,"column":15}},{"start":{"line":40,"column":19},"end":{"line":40,"column":null}}],"line":40}},"s":{"0":4,"1":1,"2":1,"3":1,"4":1,"5":1,"6":1,"7":1,"8":1,"9":1,"10":1},"f":{"0":1,"1":1,"2":1,"3":2},"b":{"0":[1,1],"1":[1,1]},"meta":{"lastBranch":2,"lastFunction":4,"lastStatement":11,"seen":{"s:3:17:30:Infinity":0,"s:32:20:32:Infinity":1,"b:32:20:32:60:32:64:32:Infinity":0,"f:34:16:34:17":0,"s:35:15:35:Infinity":2,"s:36:15:36:Infinity":3,"s:37:2:39:Infinity":4,"s:38:4:38:Infinity":5,"s:40:2:40:Infinity":6,"b:40:9:40:15:40:19:40:Infinity":1,"f:43:16:43:25":1,"s:44:2:44:Infinity":7,"s:45:2:45:Infinity":8,"f:48:16:48:25":2,"s:49:2:49:Infinity":9,"f:52:16:52:26":3,"s:53:2:53:Infinity":10}}}
,"/home/seven-usr/xterminal-pro/src/utils/idle-timeout.js": {"path":"/home/seven-usr/xterminal-pro/src/utils/idle-timeout.js","statementMap":{"0":{"start":{"line":4,"column":4},"end":{"line":4,"column":null}},"1":{"start":{"line":5,"column":4},"end":{"line":5,"column":null}},"2":{"start":{"line":9,"column":4},"end":{"line":9,"column":null}},"3":{"start":{"line":10,"column":18},"end":{"line":13,"column":null}},"4":{"start":{"line":11,"column":6},"end":{"line":11,"column":null}},"5":{"start":{"line":12,"column":6},"end":{"line":12,"column":null}},"6":{"start":{"line":14,"column":4},"end":{"line":14,"column":null}},"7":{"start":{"line":18,"column":18},"end":{"line":18,"column":null}},"8":{"start":{"line":19,"column":4},"end":{"line":22,"column":null}},"9":{"start":{"line":20,"column":6},"end":{"line":20,"column":null}},"10":{"start":{"line":21,"column":6},"end":{"line":21,"column":null}},"11":{"start":{"line":26,"column":4},"end":{"line":26,"column":null}},"12":{"start":{"line":26,"column":46},"end":{"line":26,"column":null}},"13":{"start":{"line":27,"column":4},"end":{"line":27,"column":null}},"14":{"start":{"line":31,"column":4},"end":{"line":31,"column":null}},"15":{"start":{"line":36,"column":2},"end":{"line":36,"column":null}}},"fnMap":{"0":{"name":"(anonymous_0)","decl":{"start":{"line":3,"column":2},"end":{"line":3,"column":13}},"loc":{"start":{"line":3,"column":35},"end":{"line":6,"column":null}},"line":3},"1":{"name":"(anonymous_1)","decl":{"start":{"line":8,"column":2},"end":{"line":8,"column":7}},"loc":{"start":{"line":8,"column":33},"end":{"line":15,"column":null}},"line":8},"2":{"name":"(anonymous_2)","decl":{"start":{"line":10,"column":29},"end":{"line":10,"column":30}},"loc":{"start":{"line":10,"column":35},"end":{"line":13,"column":5}},"line":10},"3":{"name":"(anonymous_3)","decl":{"start":{"line":17,"column":2},"end":{"line":17,"column":7}},"loc":{"start":{"line":17,"column":22},"end":{"line":23,"column":null}},"line":17},"4":{"name":"(anonymous_4)","decl":{"start":{"line":25,"column":2},"end":{"line":25,"column":10}},"loc":{"start":{"line":25,"column":13},"end":{"line":28,"column":null}},"line":25},"5":{"name":"(anonymous_5)","decl":{"start":{"line":30,"column":2},"end":{"line":30,"column":12}},"loc":{"start":{"line":30,"column":22},"end":{"line":32,"column":null}},"line":30},"6":{"name":"createIdleManager","decl":{"start":{"line":35,"column":16},"end":{"line":35,"column":33}},"loc":{"start":{"line":35,"column":48},"end":{"line":37,"column":null}},"line":35}},"branchMap":{"0":{"loc":{"start":{"line":3,"column":14},"end":{"line":3,"column":33}},"type":"default-arg","locations":[{"start":{"line":3,"column":31},"end":{"line":3,"column":33}}],"line":3},"1":{"loc":{"start":{"line":19,"column":4},"end":{"line":22,"column":null}},"type":"if","locations":[{"start":{"line":19,"column":4},"end":{"line":22,"column":null}},{"start":{},"end":{}}],"line":19},"2":{"loc":{"start":{"line":35,"column":34},"end":{"line":35,"column":46}},"type":"default-arg","locations":[{"start":{"line":35,"column":44},"end":{"line":35,"column":46}}],"line":35}},"s":{"0":0,"1":0,"2":0,"3":0,"4":0,"5":0,"6":0,"7":0,"8":0,"9":0,"10":0,"11":0,"12":0,"13":0,"14":0,"15":0},"f":{"0":0,"1":0,"2":0,"3":0,"4":0,"5":0,"6":0},"b":{"0":[0],"1":[0,0],"2":[0]},"meta":{"lastBranch":3,"lastFunction":7,"lastStatement":16,"seen":{"f:3:2:3:13":0,"b:3:31:3:33":0,"s:4:4:4:Infinity":0,"s:5:4:5:Infinity":1,"f:8:2:8:7":1,"s:9:4:9:Infinity":2,"s:10:18:13:Infinity":3,"f:10:29:10:30":2,"s:11:6:11:Infinity":4,"s:12:6:12:Infinity":5,"s:14:4:14:Infinity":6,"f:17:2:17:7":3,"s:18:18:18:Infinity":7,"b:19:4:22:Infinity:undefined:undefined:undefined:undefined":1,"s:19:4:22:Infinity":8,"s:20:6:20:Infinity":9,"s:21:6:21:Infinity":10,"f:25:2:25:10":4,"s:26:4:26:Infinity":11,"s:26:46:26:Infinity":12,"s:27:4:27:Infinity":13,"f:30:2:30:12":5,"s:31:4:31:Infinity":14,"f:35:16:35:33":6,"b:35:44:35:46":2,"s:36:2:36:Infinity":15}}}
,"/home/seven-usr/xterminal-pro/src/utils/lazy-load.js": {"path":"/home/seven-usr/xterminal-pro/src/utils/lazy-load.js","statementMap":{"0":{"start":{"line":4,"column":2},"end":{"line":4,"column":null}},"1":{"start":{"line":4,"column":29},"end":{"line":4,"column":null}},"2":{"start":{"line":6,"column":21},"end":{"line":6,"column":null}},"3":{"start":{"line":7,"column":2},"end":{"line":7,"column":null}},"4":{"start":{"line":7,"column":54},"end":{"line":7,"column":null}},"5":{"start":{"line":9,"column":2},"end":{"line":9,"column":null}},"6":{"start":{"line":13,"column":2},"end":{"line":13,"column":null}},"7":{"start":{"line":14,"column":2},"end":{"line":14,"column":null}}},"fnMap":{"0":{"name":"shouldRender","decl":{"start":{"line":2,"column":16},"end":{"line":2,"column":28}},"loc":{"start":{"line":2,"column":65},"end":{"line":10,"column":null}},"line":2},"1":{"name":"markActive","decl":{"start":{"line":12,"column":16},"end":{"line":12,"column":26}},"loc":{"start":{"line":12,"column":50},"end":{"line":15,"column":null}},"line":12}},"branchMap":{"0":{"loc":{"start":{"line":4,"column":2},"end":{"line":4,"column":null}},"type":"if","locations":[{"start":{"line":4,"column":2},"end":{"line":4,"column":null}},{"start":{},"end":{}}],"line":4},"1":{"loc":{"start":{"line":7,"column":2},"end":{"line":7,"column":null}},"type":"if","locations":[{"start":{"line":7,"column":2},"end":{"line":7,"column":null}},{"start":{},"end":{}}],"line":7},"2":{"loc":{"start":{"line":7,"column":6},"end":{"line":7,"column":52}},"type":"binary-expr","locations":[{"start":{"line":7,"column":6},"end":{"line":7,"column":16}},{"start":{"line":7,"column":20},"end":{"line":7,"column":52}}],"line":7}},"s":{"0":0,"1":0,"2":0,"3":0,"4":0,"5":0,"6":0,"7":0},"f":{"0":0,"1":0},"b":{"0":[0,0],"1":[0,0],"2":[0,0]},"meta":{"lastBranch":3,"lastFunction":2,"lastStatement":8,"seen":{"f:2:16:2:28":0,"b:4:2:4:Infinity:undefined:undefined:undefined:undefined":0,"s:4:2:4:Infinity":0,"s:4:29:4:Infinity":1,"s:6:21:6:Infinity":2,"b:7:2:7:Infinity:undefined:undefined:undefined:undefined":1,"s:7:2:7:Infinity":3,"b:7:6:7:16:7:20:7:52":2,"s:7:54:7:Infinity":4,"s:9:2:9:Infinity":5,"f:12:16:12:26":1,"s:13:2:13:Infinity":6,"s:14:2:14:Infinity":7}}}
,"/home/seven-usr/xterminal-pro/src/utils/migrate-storage.js": {"path":"/home/seven-usr/xterminal-pro/src/utils/migrate-storage.js","statementMap":{"0":{"start":{"line":12,"column":2},"end":{"line":36,"column":null}},"1":{"start":{"line":13,"column":19},"end":{"line":13,"column":null}},"2":{"start":{"line":14,"column":20},"end":{"line":14,"column":null}},"3":{"start":{"line":16,"column":4},"end":{"line":19,"column":null}},"4":{"start":{"line":17,"column":6},"end":{"line":17,"column":null}},"5":{"start":{"line":18,"column":6},"end":{"line":18,"column":null}},"6":{"start":{"line":21,"column":22},"end":{"line":21,"column":null}},"7":{"start":{"line":22,"column":20},"end":{"line":22,"column":null}},"8":{"start":{"line":24,"column":4},"end":{"line":30,"column":null}},"9":{"start":{"line":26,"column":6},"end":{"line":26,"column":null}},"10":{"start":{"line":27,"column":6},"end":{"line":27,"column":null}},"11":{"start":{"line":29,"column":6},"end":{"line":29,"column":null}},"12":{"start":{"line":32,"column":4},"end":{"line":32,"column":null}},"13":{"start":{"line":34,"column":4},"end":{"line":34,"column":null}},"14":{"start":{"line":35,"column":4},"end":{"line":35,"column":null}},"15":{"start":{"line":43,"column":2},"end":{"line":66,"column":null}},"16":{"start":{"line":44,"column":19},"end":{"line":44,"column":null}},"17":{"start":{"line":45,"column":20},"end":{"line":45,"column":null}},"18":{"start":{"line":47,"column":4},"end":{"line":50,"column":null}},"19":{"start":{"line":48,"column":6},"end":{"line":48,"column":null}},"20":{"start":{"line":49,"column":6},"end":{"line":49,"column":null}},"21":{"start":{"line":52,"column":22},"end":{"line":52,"column":null}},"22":{"start":{"line":53,"column":20},"end":{"line":53,"column":null}},"23":{"start":{"line":55,"column":4},"end":{"line":60,"column":null}},"24":{"start":{"line":56,"column":6},"end":{"line":56,"column":null}},"25":{"start":{"line":57,"column":6},"end":{"line":57,"column":null}},"26":{"start":{"line":59,"column":6},"end":{"line":59,"column":null}},"27":{"start":{"line":62,"column":4},"end":{"line":62,"column":null}},"28":{"start":{"line":64,"column":4},"end":{"line":64,"column":null}},"29":{"start":{"line":65,"column":4},"end":{"line":65,"column":null}},"30":{"start":{"line":73,"column":2},"end":{"line":96,"column":null}},"31":{"start":{"line":74,"column":19},"end":{"line":74,"column":null}},"32":{"start":{"line":75,"column":20},"end":{"line":75,"column":null}},"33":{"start":{"line":77,"column":4},"end":{"line":80,"column":null}},"34":{"start":{"line":78,"column":6},"end":{"line":78,"column":null}},"35":{"start":{"line":79,"column":6},"end":{"line":79,"column":null}},"36":{"start":{"line":82,"column":18},"end":{"line":82,"column":null}},"37":{"start":{"line":83,"column":20},"end":{"line":83,"column":null}},"38":{"start":{"line":85,"column":4},"end":{"line":90,"column":null}},"39":{"start":{"line":86,"column":6},"end":{"line":86,"column":null}},"40":{"start":{"line":87,"column":6},"end":{"line":87,"column":null}},"41":{"start":{"line":89,"column":6},"end":{"line":89,"column":null}},"42":{"start":{"line":92,"column":4},"end":{"line":92,"column":null}},"43":{"start":{"line":94,"column":4},"end":{"line":94,"column":null}},"44":{"start":{"line":95,"column":4},"end":{"line":95,"column":null}},"45":{"start":{"line":104,"column":2},"end":{"line":150,"column":null}},"46":{"start":{"line":105,"column":19},"end":{"line":105,"column":null}},"47":{"start":{"line":106,"column":24},"end":{"line":106,"column":null}},"48":{"start":{"line":109,"column":17},"end":{"line":109,"column":null}},"49":{"start":{"line":110,"column":4},"end":{"line":115,"column":null}},"50":{"start":{"line":110,"column":17},"end":{"line":110,"column":18}},"51":{"start":{"line":111,"column":18},"end":{"line":111,"column":null}},"52":{"start":{"line":112,"column":6},"end":{"line":114,"column":null}},"53":{"start":{"line":113,"column":8},"end":{"line":113,"column":null}},"54":{"start":{"line":117,"column":4},"end":{"line":120,"column":null}},"55":{"start":{"line":118,"column":6},"end":{"line":118,"column":null}},"56":{"start":{"line":119,"column":6},"end":{"line":119,"column":null}},"57":{"start":{"line":122,"column":4},"end":{"line":143,"column":null}},"58":{"start":{"line":123,"column":6},"end":{"line":142,"column":null}},"59":{"start":{"line":124,"column":24},"end":{"line":124,"column":null}},"60":{"start":{"line":125,"column":8},"end":{"line":125,"column":null}},"61":{"start":{"line":125,"column":22},"end":{"line":125,"column":null}},"62":{"start":{"line":128,"column":25},"end":{"line":128,"column":null}},"63":{"start":{"line":129,"column":29},"end":{"line":129,"column":null}},"64":{"start":{"line":132,"column":24},"end":{"line":132,"column":null}},"65":{"start":{"line":134,"column":8},"end":{"line":139,"column":null}},"66":{"start":{"line":135,"column":10},"end":{"line":135,"column":null}},"67":{"start":{"line":136,"column":10},"end":{"line":136,"column":null}},"68":{"start":{"line":138,"column":10},"end":{"line":138,"column":null}},"69":{"start":{"line":141,"column":8},"end":{"line":141,"column":null}},"70":{"start":{"line":145,"column":4},"end":{"line":145,"column":null}},"71":{"start":{"line":146,"column":4},"end":{"line":146,"column":null}},"72":{"start":{"line":148,"column":4},"end":{"line":148,"column":null}},"73":{"start":{"line":149,"column":4},"end":{"line":149,"column":null}},"74":{"start":{"line":157,"column":2},"end":{"line":180,"column":null}},"75":{"start":{"line":158,"column":19},"end":{"line":158,"column":null}},"76":{"start":{"line":159,"column":20},"end":{"line":159,"column":null}},"77":{"start":{"line":161,"column":4},"end":{"line":164,"column":null}},"78":{"start":{"line":162,"column":6},"end":{"line":162,"column":null}},"79":{"start":{"line":163,"column":6},"end":{"line":163,"column":null}},"80":{"start":{"line":166,"column":19},"end":{"line":166,"column":null}},"81":{"start":{"line":167,"column":20},"end":{"line":167,"column":null}},"82":{"start":{"line":169,"column":4},"end":{"line":174,"column":null}},"83":{"start":{"line":170,"column":6},"end":{"line":170,"column":null}},"84":{"start":{"line":171,"column":6},"end":{"line":171,"column":null}},"85":{"start":{"line":173,"column":6},"end":{"line":173,"column":null}},"86":{"start":{"line":176,"column":4},"end":{"line":176,"column":null}},"87":{"start":{"line":178,"column":4},"end":{"line":178,"column":null}},"88":{"start":{"line":179,"column":4},"end":{"line":179,"column":null}},"89":{"start":{"line":187,"column":2},"end":{"line":187,"column":null}},"90":{"start":{"line":189,"column":18},"end":{"line":195,"column":null}},"91":{"start":{"line":197,"column":23},"end":{"line":197,"column":null}},"92":{"start":{"line":197,"column":43},"end":{"line":197,"column":44}},"93":{"start":{"line":198,"column":21},"end":{"line":198,"column":null}},"94":{"start":{"line":200,"column":2},"end":{"line":200,"column":null}},"95":{"start":{"line":201,"column":2},"end":{"line":201,"column":null}},"96":{"start":{"line":202,"column":2},"end":{"line":202,"column":null}},"97":{"start":{"line":205,"column":2},"end":{"line":205,"column":null}},"98":{"start":{"line":207,"column":2},"end":{"line":207,"column":null}},"99":{"start":{"line":214,"column":2},"end":{"line":214,"column":null}},"100":{"start":{"line":221,"column":2},"end":{"line":226,"column":null}},"101":{"start":{"line":222,"column":4},"end":{"line":222,"column":null}},"102":{"start":{"line":223,"column":4},"end":{"line":223,"column":null}},"103":{"start":{"line":225,"column":4},"end":{"line":225,"column":null}}},"fnMap":{"0":{"name":"migrateBookmarks","decl":{"start":{"line":11,"column":15},"end":{"line":11,"column":31}},"loc":{"start":{"line":11,"column":34},"end":{"line":37,"column":null}},"line":11},"1":{"name":"migrateFavorites","decl":{"start":{"line":42,"column":15},"end":{"line":42,"column":31}},"loc":{"start":{"line":42,"column":34},"end":{"line":67,"column":null}},"line":42},"2":{"name":"migrateSchedulerTasks","decl":{"start":{"line":72,"column":15},"end":{"line":72,"column":36}},"loc":{"start":{"line":72,"column":39},"end":{"line":97,"column":null}},"line":72},"3":{"name":"migratePasswords","decl":{"start":{"line":103,"column":15},"end":{"line":103,"column":31}},"loc":{"start":{"line":103,"column":34},"end":{"line":151,"column":null}},"line":103},"4":{"name":"migrateMacros","decl":{"start":{"line":156,"column":15},"end":{"line":156,"column":28}},"loc":{"start":{"line":156,"column":31},"end":{"line":181,"column":null}},"line":156},"5":{"name":"migrateAll","decl":{"start":{"line":186,"column":22},"end":{"line":186,"column":32}},"loc":{"start":{"line":186,"column":35},"end":{"line":208,"column":null}},"line":186},"6":{"name":"(anonymous_6)","decl":{"start":{"line":197,"column":38},"end":{"line":197,"column":39}},"loc":{"start":{"line":197,"column":43},"end":{"line":197,"column":44}},"line":197},"7":{"name":"needsMigration","decl":{"start":{"line":213,"column":16},"end":{"line":213,"column":30}},"loc":{"start":{"line":213,"column":33},"end":{"line":215,"column":null}},"line":213},"8":{"name":"autoMigrate","decl":{"start":{"line":220,"column":22},"end":{"line":220,"column":33}},"loc":{"start":{"line":220,"column":36},"end":{"line":227,"column":null}},"line":220}},"branchMap":{"0":{"loc":{"start":{"line":16,"column":4},"end":{"line":19,"column":null}},"type":"if","locations":[{"start":{"line":16,"column":4},"end":{"line":19,"column":null}},{"start":{},"end":{}}],"line":16},"1":{"loc":{"start":{"line":24,"column":4},"end":{"line":30,"column":null}},"type":"if","locations":[{"start":{"line":24,"column":4},"end":{"line":30,"column":null}},{"start":{"line":28,"column":11},"end":{"line":30,"column":null}}],"line":24},"2":{"loc":{"start":{"line":47,"column":4},"end":{"line":50,"column":null}},"type":"if","locations":[{"start":{"line":47,"column":4},"end":{"line":50,"column":null}},{"start":{},"end":{}}],"line":47},"3":{"loc":{"start":{"line":55,"column":4},"end":{"line":60,"column":null}},"type":"if","locations":[{"start":{"line":55,"column":4},"end":{"line":60,"column":null}},{"start":{"line":58,"column":11},"end":{"line":60,"column":null}}],"line":55},"4":{"loc":{"start":{"line":77,"column":4},"end":{"line":80,"column":null}},"type":"if","locations":[{"start":{"line":77,"column":4},"end":{"line":80,"column":null}},{"start":{},"end":{}}],"line":77},"5":{"loc":{"start":{"line":85,"column":4},"end":{"line":90,"column":null}},"type":"if","locations":[{"start":{"line":85,"column":4},"end":{"line":90,"column":null}},{"start":{"line":88,"column":11},"end":{"line":90,"column":null}}],"line":85},"6":{"loc":{"start":{"line":112,"column":6},"end":{"line":114,"column":null}},"type":"if","locations":[{"start":{"line":112,"column":6},"end":{"line":114,"column":null}},{"start":{},"end":{}}],"line":112},"7":{"loc":{"start":{"line":117,"column":4},"end":{"line":120,"column":null}},"type":"if","locations":[{"start":{"line":117,"column":4},"end":{"line":120,"column":null}},{"start":{},"end":{}}],"line":117},"8":{"loc":{"start":{"line":125,"column":8},"end":{"line":125,"column":null}},"type":"if","locations":[{"start":{"line":125,"column":8},"end":{"line":125,"column":null}},{"start":{},"end":{}}],"line":125},"9":{"loc":{"start":{"line":134,"column":8},"end":{"line":139,"column":null}},"type":"if","locations":[{"start":{"line":134,"column":8},"end":{"line":139,"column":null}},{"start":{"line":137,"column":15},"end":{"line":139,"column":null}}],"line":134},"10":{"loc":{"start":{"line":161,"column":4},"end":{"line":164,"column":null}},"type":"if","locations":[{"start":{"line":161,"column":4},"end":{"line":164,"column":null}},{"start":{},"end":{}}],"line":161},"11":{"loc":{"start":{"line":169,"column":4},"end":{"line":174,"column":null}},"type":"if","locations":[{"start":{"line":169,"column":4},"end":{"line":174,"column":null}},{"start":{"line":172,"column":11},"end":{"line":174,"column":null}}],"line":169},"12":{"loc":{"start":{"line":221,"column":2},"end":{"line":226,"column":null}},"type":"if","locations":[{"start":{"line":221,"column":2},"end":{"line":226,"column":null}},{"start":{"line":224,"column":9},"end":{"line":226,"column":null}}],"line":221}},"s":{"0":0,"1":0,"2":0,"3":0,"4":0,"5":0,"6":0,"7":0,"8":0,"9":0,"10":0,"11":0,"12":0,"13":0,"14":0,"15":0,"16":0,"17":0,"18":0,"19":0,"20":0,"21":0,"22":0,"23":0,"24":0,"25":0,"26":0,"27":0,"28":0,"29":0,"30":0,"31":0,"32":0,"33":0,"34":0,"35":0,"36":0,"37":0,"38":0,"39":0,"40":0,"41":0,"42":0,"43":0,"44":0,"45":0,"46":0,"47":0,"48":0,"49":0,"50":0,"51":0,"52":0,"53":0,"54":0,"55":0,"56":0,"57":0,"58":0,"59":0,"60":0,"61":0,"62":0,"63":0,"64":0,"65":0,"66":0,"67":0,"68":0,"69":0,"70":0,"71":0,"72":0,"73":0,"74":0,"75":0,"76":0,"77":0,"78":0,"79":0,"80":0,"81":0,"82":0,"83":0,"84":0,"85":0,"86":0,"87":0,"88":0,"89":0,"90":0,"91":0,"92":0,"93":0,"94":0,"95":0,"96":0,"97":0,"98":0,"99":0,"100":0,"101":0,"102":0,"103":0},"f":{"0":0,"1":0,"2":0,"3":0,"4":0,"5":0,"6":0,"7":0,"8":0},"b":{"0":[0,0],"1":[0,0],"2":[0,0],"3":[0,0],"4":[0,0],"5":[0,0],"6":[0,0],"7":[0,0],"8":[0,0],"9":[0,0],"10":[0,0],"11":[0,0],"12":[0,0]},"meta":{"lastBranch":13,"lastFunction":9,"lastStatement":104,"seen":{"f:11:15:11:31":0,"s:12:2:36:Infinity":0,"s:13:19:13:Infinity":1,"s:14:20:14:Infinity":2,"b:16:4:19:Infinity:undefined:undefined:undefined:undefined":0,"s:16:4:19:Infinity":3,"s:17:6:17:Infinity":4,"s:18:6:18:Infinity":5,"s:21:22:21:Infinity":6,"s:22:20:22:Infinity":7,"b:24:4:30:Infinity:28:11:30:Infinity":1,"s:24:4:30:Infinity":8,"s:26:6:26:Infinity":9,"s:27:6:27:Infinity":10,"s:29:6:29:Infinity":11,"s:32:4:32:Infinity":12,"s:34:4:34:Infinity":13,"s:35:4:35:Infinity":14,"f:42:15:42:31":1,"s:43:2:66:Infinity":15,"s:44:19:44:Infinity":16,"s:45:20:45:Infinity":17,"b:47:4:50:Infinity:undefined:undefined:undefined:undefined":2,"s:47:4:50:Infinity":18,"s:48:6:48:Infinity":19,"s:49:6:49:Infinity":20,"s:52:22:52:Infinity":21,"s:53:20:53:Infinity":22,"b:55:4:60:Infinity:58:11:60:Infinity":3,"s:55:4:60:Infinity":23,"s:56:6:56:Infinity":24,"s:57:6:57:Infinity":25,"s:59:6:59:Infinity":26,"s:62:4:62:Infinity":27,"s:64:4:64:Infinity":28,"s:65:4:65:Infinity":29,"f:72:15:72:36":2,"s:73:2:96:Infinity":30,"s:74:19:74:Infinity":31,"s:75:20:75:Infinity":32,"b:77:4:80:Infinity:undefined:undefined:undefined:undefined":4,"s:77:4:80:Infinity":33,"s:78:6:78:Infinity":34,"s:79:6:79:Infinity":35,"s:82:18:82:Infinity":36,"s:83:20:83:Infinity":37,"b:85:4:90:Infinity:88:11:90:Infinity":5,"s:85:4:90:Infinity":38,"s:86:6:86:Infinity":39,"s:87:6:87:Infinity":40,"s:89:6:89:Infinity":41,"s:92:4:92:Infinity":42,"s:94:4:94:Infinity":43,"s:95:4:95:Infinity":44,"f:103:15:103:31":3,"s:104:2:150:Infinity":45,"s:105:19:105:Infinity":46,"s:106:24:106:Infinity":47,"s:109:17:109:Infinity":48,"s:110:4:115:Infinity":49,"s:110:17:110:18":50,"s:111:18:111:Infinity":51,"b:112:6:114:Infinity:undefined:undefined:undefined:undefined":6,"s:112:6:114:Infinity":52,"s:113:8:113:Infinity":53,"b:117:4:120:Infinity:undefined:undefined:undefined:undefined":7,"s:117:4:120:Infinity":54,"s:118:6:118:Infinity":55,"s:119:6:119:Infinity":56,"s:122:4:143:Infinity":57,"s:123:6:142:Infinity":58,"s:124:24:124:Infinity":59,"b:125:8:125:Infinity:undefined:undefined:undefined:undefined":8,"s:125:8:125:Infinity":60,"s:125:22:125:Infinity":61,"s:128:25:128:Infinity":62,"s:129:29:129:Infinity":63,"s:132:24:132:Infinity":64,"b:134:8:139:Infinity:137:15:139:Infinity":9,"s:134:8:139:Infinity":65,"s:135:10:135:Infinity":66,"s:136:10:136:Infinity":67,"s:138:10:138:Infinity":68,"s:141:8:141:Infinity":69,"s:145:4:145:Infinity":70,"s:146:4:146:Infinity":71,"s:148:4:148:Infinity":72,"s:149:4:149:Infinity":73,"f:156:15:156:28":4,"s:157:2:180:Infinity":74,"s:158:19:158:Infinity":75,"s:159:20:159:Infinity":76,"b:161:4:164:Infinity:undefined:undefined:undefined:undefined":10,"s:161:4:164:Infinity":77,"s:162:6:162:Infinity":78,"s:163:6:163:Infinity":79,"s:166:19:166:Infinity":80,"s:167:20:167:Infinity":81,"b:169:4:174:Infinity:172:11:174:Infinity":11,"s:169:4:174:Infinity":82,"s:170:6:170:Infinity":83,"s:171:6:171:Infinity":84,"s:173:6:173:Infinity":85,"s:176:4:176:Infinity":86,"s:178:4:178:Infinity":87,"s:179:4:179:Infinity":88,"f:186:22:186:32":5,"s:187:2:187:Infinity":89,"s:189:18:195:Infinity":90,"s:197:23:197:Infinity":91,"f:197:38:197:39":6,"s:197:43:197:44":92,"s:198:21:198:Infinity":93,"s:200:2:200:Infinity":94,"s:201:2:201:Infinity":95,"s:202:2:202:Infinity":96,"s:205:2:205:Infinity":97,"s:207:2:207:Infinity":98,"f:213:16:213:30":7,"s:214:2:214:Infinity":99,"f:220:22:220:33":8,"b:221:2:226:Infinity:224:9:226:Infinity":12,"s:221:2:226:Infinity":100,"s:222:4:222:Infinity":101,"s:223:4:223:Infinity":102,"s:225:4:225:Infinity":103}}}
,"/home/seven-usr/xterminal-pro/src/utils/scheduler.js": {"path":"/home/seven-usr/xterminal-pro/src/utils/scheduler.js","statementMap":{"0":{"start":{"line":2,"column":20},"end":{"line":2,"column":null}},"1":{"start":{"line":5,"column":2},"end":{"line":6,"column":null}},"2":{"start":{"line":5,"column":8},"end":{"line":5,"column":66}},"3":{"start":{"line":6,"column":10},"end":{"line":6,"column":19}},"4":{"start":{"line":10,"column":2},"end":{"line":10,"column":null}},"5":{"start":{"line":14,"column":16},"end":{"line":14,"column":null}},"6":{"start":{"line":15,"column":18},"end":{"line":25,"column":null}},"7":{"start":{"line":26,"column":2},"end":{"line":26,"column":null}},"8":{"start":{"line":27,"column":2},"end":{"line":27,"column":null}},"9":{"start":{"line":28,"column":2},"end":{"line":28,"column":null}},"10":{"start":{"line":32,"column":16},"end":{"line":32,"column":null}},"11":{"start":{"line":32,"column":48},"end":{"line":32,"column":59}},"12":{"start":{"line":33,"column":2},"end":{"line":33,"column":null}},"13":{"start":{"line":34,"column":2},"end":{"line":34,"column":null}},"14":{"start":{"line":38,"column":16},"end":{"line":43,"column":null}},"15":{"start":{"line":39,"column":4},"end":{"line":41,"column":null}},"16":{"start":{"line":40,"column":6},"end":{"line":40,"column":null}},"17":{"start":{"line":42,"column":4},"end":{"line":42,"column":null}},"18":{"start":{"line":44,"column":2},"end":{"line":44,"column":null}},"19":{"start":{"line":45,"column":2},"end":{"line":45,"column":null}},"20":{"start":{"line":50,"column":14},"end":{"line":50,"column":null}},"21":{"start":{"line":51,"column":16},"end":{"line":51,"column":null}},"22":{"start":{"line":52,"column":2},"end":{"line":58,"column":null}},"23":{"start":{"line":53,"column":17},"end":{"line":53,"column":null}},"24":{"start":{"line":54,"column":17},"end":{"line":54,"column":null}},"25":{"start":{"line":55,"column":4},"end":{"line":55,"column":null}},"26":{"start":{"line":56,"column":4},"end":{"line":56,"column":null}},"27":{"start":{"line":56,"column":21},"end":{"line":56,"column":null}},"28":{"start":{"line":57,"column":4},"end":{"line":57,"column":null}},"29":{"start":{"line":59,"column":2},"end":{"line":59,"column":56}}},"fnMap":{"0":{"name":"getScheduledTasks","decl":{"start":{"line":4,"column":16},"end":{"line":4,"column":33}},"loc":{"start":{"line":4,"column":36},"end":{"line":7,"column":null}},"line":4},"1":{"name":"saveScheduledTasks","decl":{"start":{"line":9,"column":16},"end":{"line":9,"column":34}},"loc":{"start":{"line":9,"column":42},"end":{"line":11,"column":null}},"line":9},"2":{"name":"addScheduledTask","decl":{"start":{"line":13,"column":16},"end":{"line":13,"column":32}},"loc":{"start":{"line":13,"column":39},"end":{"line":29,"column":null}},"line":13},"3":{"name":"removeScheduledTask","decl":{"start":{"line":31,"column":16},"end":{"line":31,"column":35}},"loc":{"start":{"line":31,"column":40},"end":{"line":35,"column":null}},"line":31},"4":{"name":"(anonymous_4)","decl":{"start":{"line":32,"column":43},"end":{"line":32,"column":44}},"loc":{"start":{"line":32,"column":48},"end":{"line":32,"column":59}},"line":32},"5":{"name":"toggleScheduledTask","decl":{"start":{"line":37,"column":16},"end":{"line":37,"column":35}},"loc":{"start":{"line":37,"column":40},"end":{"line":46,"column":null}},"line":37},"6":{"name":"(anonymous_6)","decl":{"start":{"line":38,"column":40},"end":{"line":38,"column":41}},"loc":{"start":{"line":38,"column":45},"end":{"line":43,"column":3}},"line":38},"7":{"name":"calculateNextRun","decl":{"start":{"line":48,"column":9},"end":{"line":48,"column":25}},"loc":{"start":{"line":48,"column":36},"end":{"line":60,"column":null}},"line":48}},"branchMap":{"0":{"loc":{"start":{"line":5,"column":15},"end":{"line":5,"column":66}},"type":"binary-expr","locations":[{"start":{"line":5,"column":15},"end":{"line":5,"column":60}},{"start":{"line":5,"column":64},"end":{"line":5,"column":66}}],"line":5},"1":{"loc":{"start":{"line":39,"column":4},"end":{"line":41,"column":null}},"type":"if","locations":[{"start":{"line":39,"column":4},"end":{"line":41,"column":null}},{"start":{},"end":{}}],"line":39},"2":{"loc":{"start":{"line":52,"column":2},"end":{"line":58,"column":null}},"type":"if","locations":[{"start":{"line":52,"column":2},"end":{"line":58,"column":null}},{"start":{},"end":{}}],"line":52},"3":{"loc":{"start":{"line":53,"column":17},"end":{"line":53,"column":null}},"type":"binary-expr","locations":[{"start":{"line":53,"column":17},"end":{"line":53,"column":35}},{"start":{"line":53,"column":39},"end":{"line":53,"column":null}}],"line":53},"4":{"loc":{"start":{"line":56,"column":4},"end":{"line":56,"column":null}},"type":"if","locations":[{"start":{"line":56,"column":4},"end":{"line":56,"column":null}},{"start":{},"end":{}}],"line":56}},"s":{"0":1,"1":53,"2":53,"3":1,"4":44,"5":26,"6":26,"7":26,"8":26,"9":26,"10":7,"11":12,"12":7,"13":7,"14":7,"15":11,"16":6,"17":5,"18":7,"19":7,"20":26,"21":26,"22":26,"23":26,"24":26,"25":26,"26":26,"27":1,"28":26,"29":0},"f":{"0":53,"1":44,"2":26,"3":7,"4":12,"5":7,"6":11,"7":26},"b":{"0":[53,20],"1":[6,5],"2":[26,0],"3":[26,0],"4":[1,25]},"meta":{"lastBranch":5,"lastFunction":8,"lastStatement":30,"seen":{"s:2:20:2:Infinity":0,"f:4:16:4:33":0,"s:5:2:6:Infinity":1,"s:5:8:5:66":2,"b:5:15:5:60:5:64:5:66":0,"s:6:10:6:19":3,"f:9:16:9:34":1,"s:10:2:10:Infinity":4,"f:13:16:13:32":2,"s:14:16:14:Infinity":5,"s:15:18:25:Infinity":6,"s:26:2:26:Infinity":7,"s:27:2:27:Infinity":8,"s:28:2:28:Infinity":9,"f:31:16:31:35":3,"s:32:16:32:Infinity":10,"f:32:43:32:44":4,"s:32:48:32:59":11,"s:33:2:33:Infinity":12,"s:34:2:34:Infinity":13,"f:37:16:37:35":5,"s:38:16:43:Infinity":14,"f:38:40:38:41":6,"b:39:4:41:Infinity:undefined:undefined:undefined:undefined":1,"s:39:4:41:Infinity":15,"s:40:6:40:Infinity":16,"s:42:4:42:Infinity":17,"s:44:2:44:Infinity":18,"s:45:2:45:Infinity":19,"f:48:9:48:25":7,"s:50:14:50:Infinity":20,"s:51:16:51:Infinity":21,"b:52:2:58:Infinity:undefined:undefined:undefined:undefined":2,"s:52:2:58:Infinity":22,"s:53:17:53:Infinity":23,"b:53:17:53:35:53:39:53:Infinity":3,"s:54:17:54:Infinity":24,"s:55:4:55:Infinity":25,"b:56:4:56:Infinity:undefined:undefined:undefined:undefined":4,"s:56:4:56:Infinity":26,"s:56:21:56:Infinity":27,"s:57:4:57:Infinity":28,"s:59:2:59:56":29}}}
,"/home/seven-usr/xterminal-pro/src/utils/secure-storage.js": {"path":"/home/seven-usr/xterminal-pro/src/utils/secure-storage.js","statementMap":{"0":{"start":{"line":4,"column":30},"end":{"line":4,"column":null}},"1":{"start":{"line":7,"column":2},"end":{"line":14,"column":null}},"2":{"start":{"line":9,"column":20},"end":{"line":9,"column":null}},"3":{"start":{"line":10,"column":4},"end":{"line":10,"column":null}},"4":{"start":{"line":11,"column":4},"end":{"line":11,"column":null}},"5":{"start":{"line":13,"column":4},"end":{"line":13,"column":null}},"6":{"start":{"line":18,"column":2},"end":{"line":24,"column":null}},"7":{"start":{"line":19,"column":20},"end":{"line":19,"column":null}},"8":{"start":{"line":20,"column":4},"end":{"line":20,"column":null}},"9":{"start":{"line":20,"column":18},"end":{"line":20,"column":null}},"10":{"start":{"line":21,"column":4},"end":{"line":21,"column":null}},"11":{"start":{"line":23,"column":4},"end":{"line":23,"column":null}},"12":{"start":{"line":28,"column":2},"end":{"line":28,"column":null}},"13":{"start":{"line":33,"column":2},"end":{"line":33,"column":null}},"14":{"start":{"line":37,"column":2},"end":{"line":37,"column":null}},"15":{"start":{"line":41,"column":2},"end":{"line":41,"column":null}}},"fnMap":{"0":{"name":"secureStore","decl":{"start":{"line":6,"column":16},"end":{"line":6,"column":27}},"loc":{"start":{"line":6,"column":40},"end":{"line":15,"column":null}},"line":6},"1":{"name":"secureRetrieve","decl":{"start":{"line":17,"column":16},"end":{"line":17,"column":30}},"loc":{"start":{"line":17,"column":36},"end":{"line":25,"column":null}},"line":17},"2":{"name":"secureRemove","decl":{"start":{"line":27,"column":16},"end":{"line":27,"column":28}},"loc":{"start":{"line":27,"column":34},"end":{"line":29,"column":null}},"line":27},"3":{"name":"storePassword","decl":{"start":{"line":32,"column":16},"end":{"line":32,"column":29}},"loc":{"start":{"line":32,"column":54},"end":{"line":34,"column":null}},"line":32},"4":{"name":"getPassword","decl":{"start":{"line":36,"column":16},"end":{"line":36,"column":27}},"loc":{"start":{"line":36,"column":42},"end":{"line":38,"column":null}},"line":36},"5":{"name":"removePassword","decl":{"start":{"line":40,"column":16},"end":{"line":40,"column":30}},"loc":{"start":{"line":40,"column":45},"end":{"line":42,"column":null}},"line":40}},"branchMap":{"0":{"loc":{"start":{"line":20,"column":4},"end":{"line":20,"column":null}},"type":"if","locations":[{"start":{"line":20,"column":4},"end":{"line":20,"column":null}},{"start":{},"end":{}}],"line":20}},"s":{"0":1,"1":21,"2":21,"3":21,"4":21,"5":1,"6":19,"7":19,"8":19,"9":4,"10":15,"11":1,"12":2,"13":9,"14":8,"15":1},"f":{"0":21,"1":19,"2":2,"3":9,"4":8,"5":1},"b":{"0":[4,15]},"meta":{"lastBranch":1,"lastFunction":6,"lastStatement":16,"seen":{"s:4:30:4:Infinity":0,"f:6:16:6:27":0,"s:7:2:14:Infinity":1,"s:9:20:9:Infinity":2,"s:10:4:10:Infinity":3,"s:11:4:11:Infinity":4,"s:13:4:13:Infinity":5,"f:17:16:17:30":1,"s:18:2:24:Infinity":6,"s:19:20:19:Infinity":7,"b:20:4:20:Infinity:undefined:undefined:undefined:undefined":0,"s:20:4:20:Infinity":8,"s:20:18:20:Infinity":9,"s:21:4:21:Infinity":10,"s:23:4:23:Infinity":11,"f:27:16:27:28":2,"s:28:2:28:Infinity":12,"f:32:16:32:29":3,"s:33:2:33:Infinity":13,"f:36:16:36:27":4,"s:37:2:37:Infinity":14,"f:40:16:40:30":5,"s:41:2:41:Infinity":15}}}
,"/home/seven-usr/xterminal-pro/src/utils/secure-store.js": {"path":"/home/seven-usr/xterminal-pro/src/utils/secure-store.js","statementMap":{"0":{"start":{"line":11,"column":28},"end":{"line":11,"column":null}},"1":{"start":{"line":12,"column":24},"end":{"line":12,"column":null}},"2":{"start":{"line":18,"column":2},"end":{"line":18,"column":null}},"3":{"start":{"line":26,"column":2},"end":{"line":58,"column":null}},"4":{"start":{"line":28,"column":22},"end":{"line":28,"column":null}},"5":{"start":{"line":29,"column":4},"end":{"line":38,"column":null}},"6":{"start":{"line":30,"column":22},"end":{"line":30,"column":null}},"7":{"start":{"line":31,"column":6},"end":{"line":37,"column":null}},"8":{"start":{"line":41,"column":16},"end":{"line":48,"column":null}},"9":{"start":{"line":51,"column":24},"end":{"line":51,"column":null}},"10":{"start":{"line":52,"column":4},"end":{"line":52,"column":null}},"11":{"start":{"line":54,"column":4},"end":{"line":54,"column":null}},"12":{"start":{"line":56,"column":4},"end":{"line":56,"column":null}},"13":{"start":{"line":57,"column":4},"end":{"line":57,"column":null}},"14":{"start":{"line":65,"column":2},"end":{"line":89,"column":null}},"15":{"start":{"line":66,"column":16},"end":{"line":66,"column":null}},"16":{"start":{"line":67,"column":20},"end":{"line":67,"column":null}},"17":{"start":{"line":68,"column":20},"end":{"line":68,"column":null}},"18":{"start":{"line":71,"column":15},"end":{"line":71,"column":null}},"19":{"start":{"line":73,"column":23},"end":{"line":80,"column":null}},"20":{"start":{"line":82,"column":4},"end":{"line":85,"column":null}},"21":{"start":{"line":87,"column":4},"end":{"line":87,"column":null}},"22":{"start":{"line":88,"column":4},"end":{"line":88,"column":null}},"23":{"start":{"line":96,"column":2},"end":{"line":115,"column":null}},"24":{"start":{"line":97,"column":16},"end":{"line":97,"column":null}},"25":{"start":{"line":98,"column":26},"end":{"line":98,"column":null}},"26":{"start":{"line":98,"column":65},"end":{"line":98,"column":80}},"27":{"start":{"line":99,"column":19},"end":{"line":99,"column":null}},"28":{"start":{"line":99,"column":50},"end":{"line":99,"column":65}},"29":{"start":{"line":101,"column":22},"end":{"line":108,"column":null}},"30":{"start":{"line":110,"column":20},"end":{"line":110,"column":null}},"31":{"start":{"line":111,"column":4},"end":{"line":111,"column":null}},"32":{"start":{"line":113,"column":4},"end":{"line":113,"column":null}},"33":{"start":{"line":114,"column":4},"end":{"line":114,"column":null}},"34":{"start":{"line":123,"column":4},"end":{"line":123,"column":null}},"35":{"start":{"line":127,"column":4},"end":{"line":138,"column":null}},"36":{"start":{"line":128,"column":19},"end":{"line":128,"column":null}},"37":{"start":{"line":129,"column":24},"end":{"line":129,"column":null}},"38":{"start":{"line":130,"column":6},"end":{"line":133,"column":null}},"39":{"start":{"line":134,"column":6},"end":{"line":134,"column":null}},"40":{"start":{"line":136,"column":6},"end":{"line":136,"column":null}},"41":{"start":{"line":137,"column":6},"end":{"line":137,"column":null}},"42":{"start":{"line":142,"column":4},"end":{"line":154,"column":null}},"43":{"start":{"line":143,"column":18},"end":{"line":143,"column":null}},"44":{"start":{"line":144,"column":6},"end":{"line":144,"column":null}},"45":{"start":{"line":144,"column":16},"end":{"line":144,"column":null}},"46":{"start":{"line":146,"column":24},"end":{"line":146,"column":null}},"47":{"start":{"line":147,"column":24},"end":{"line":147,"column":null}},"48":{"start":{"line":148,"column":6},"end":{"line":148,"column":null}},"49":{"start":{"line":148,"column":22},"end":{"line":148,"column":null}},"50":{"start":{"line":150,"column":6},"end":{"line":150,"column":null}},"51":{"start":{"line":152,"column":6},"end":{"line":152,"column":null}},"52":{"start":{"line":153,"column":6},"end":{"line":153,"column":null}},"53":{"start":{"line":158,"column":4},"end":{"line":158,"column":null}},"54":{"start":{"line":163,"column":17},"end":{"line":163,"column":null}},"55":{"start":{"line":164,"column":4},"end":{"line":169,"column":null}},"56":{"start":{"line":164,"column":17},"end":{"line":164,"column":18}},"57":{"start":{"line":165,"column":18},"end":{"line":165,"column":null}},"58":{"start":{"line":166,"column":6},"end":{"line":168,"column":null}},"59":{"start":{"line":167,"column":8},"end":{"line":167,"column":null}},"60":{"start":{"line":170,"column":4},"end":{"line":170,"column":null}},"61":{"start":{"line":170,"column":24},"end":{"line":170,"column":52}},"62":{"start":{"line":179,"column":4},"end":{"line":189,"column":null}},"63":{"start":{"line":181,"column":21},"end":{"line":181,"column":null}},"64":{"start":{"line":182,"column":6},"end":{"line":182,"column":null}},"65":{"start":{"line":183,"column":6},"end":{"line":183,"column":null}},"66":{"start":{"line":185,"column":6},"end":{"line":185,"column":null}},"67":{"start":{"line":187,"column":23},"end":{"line":187,"column":null}},"68":{"start":{"line":188,"column":6},"end":{"line":188,"column":null}},"69":{"start":{"line":193,"column":4},"end":{"line":202,"column":null}},"70":{"start":{"line":194,"column":21},"end":{"line":194,"column":null}},"71":{"start":{"line":195,"column":21},"end":{"line":195,"column":null}},"72":{"start":{"line":196,"column":6},"end":{"line":196,"column":null}},"73":{"start":{"line":198,"column":6},"end":{"line":198,"column":null}},"74":{"start":{"line":200,"column":23},"end":{"line":200,"column":null}},"75":{"start":{"line":201,"column":6},"end":{"line":201,"column":null}},"76":{"start":{"line":206,"column":4},"end":{"line":211,"column":null}},"77":{"start":{"line":207,"column":21},"end":{"line":207,"column":null}},"78":{"start":{"line":208,"column":6},"end":{"line":208,"column":null}},"79":{"start":{"line":210,"column":6},"end":{"line":210,"column":null}},"80":{"start":{"line":217,"column":22},"end":{"line":222,"column":null}},"81":{"start":{"line":224,"column":4},"end":{"line":226,"column":null}},"82":{"start":{"line":225,"column":6},"end":{"line":225,"column":null}},"83":{"start":{"line":234,"column":2},"end":{"line":236,"column":null}},"84":{"start":{"line":235,"column":4},"end":{"line":235,"column":null}},"85":{"start":{"line":237,"column":2},"end":{"line":237,"column":null}},"86":{"start":{"line":241,"column":27},"end":{"line":241,"column":null}},"87":{"start":{"line":249,"column":2},"end":{"line":249,"column":null}},"88":{"start":{"line":253,"column":2},"end":{"line":253,"column":null}},"89":{"start":{"line":257,"column":2},"end":{"line":257,"column":null}},"90":{"start":{"line":264,"column":2},"end":{"line":264,"column":null}},"91":{"start":{"line":268,"column":2},"end":{"line":268,"column":null}},"92":{"start":{"line":275,"column":2},"end":{"line":275,"column":null}},"93":{"start":{"line":279,"column":2},"end":{"line":279,"column":null}},"94":{"start":{"line":286,"column":2},"end":{"line":286,"column":null}},"95":{"start":{"line":290,"column":2},"end":{"line":290,"column":null}}},"fnMap":{"0":{"name":"isTauri","decl":{"start":{"line":17,"column":9},"end":{"line":17,"column":16}},"loc":{"start":{"line":17,"column":19},"end":{"line":19,"column":null}},"line":17},"1":{"name":"getEncryptionKey","decl":{"start":{"line":25,"column":15},"end":{"line":25,"column":31}},"loc":{"start":{"line":25,"column":34},"end":{"line":59,"column":null}},"line":25},"2":{"name":"encryptData","decl":{"start":{"line":64,"column":15},"end":{"line":64,"column":26}},"loc":{"start":{"line":64,"column":33},"end":{"line":90,"column":null}},"line":64},"3":{"name":"decryptData","decl":{"start":{"line":95,"column":15},"end":{"line":95,"column":26}},"loc":{"start":{"line":95,"column":43},"end":{"line":116,"column":null}},"line":95},"4":{"name":"(anonymous_4)","decl":{"start":{"line":98,"column":60},"end":{"line":98,"column":61}},"loc":{"start":{"line":98,"column":65},"end":{"line":98,"column":80}},"line":98},"5":{"name":"(anonymous_5)","decl":{"start":{"line":99,"column":45},"end":{"line":99,"column":46}},"loc":{"start":{"line":99,"column":50},"end":{"line":99,"column":65}},"line":99},"6":{"name":"(anonymous_6)","decl":{"start":{"line":122,"column":2},"end":{"line":122,"column":13}},"loc":{"start":{"line":122,"column":16},"end":{"line":124,"column":null}},"line":122},"7":{"name":"(anonymous_7)","decl":{"start":{"line":126,"column":8},"end":{"line":126,"column":11}},"loc":{"start":{"line":126,"column":24},"end":{"line":139,"column":null}},"line":126},"8":{"name":"(anonymous_8)","decl":{"start":{"line":141,"column":8},"end":{"line":141,"column":11}},"loc":{"start":{"line":141,"column":17},"end":{"line":155,"column":null}},"line":141},"9":{"name":"(anonymous_9)","decl":{"start":{"line":157,"column":8},"end":{"line":157,"column":14}},"loc":{"start":{"line":157,"column":20},"end":{"line":159,"column":null}},"line":157},"10":{"name":"(anonymous_10)","decl":{"start":{"line":161,"column":8},"end":{"line":161,"column":13}},"loc":{"start":{"line":161,"column":16},"end":{"line":171,"column":null}},"line":161},"11":{"name":"(anonymous_11)","decl":{"start":{"line":170,"column":17},"end":{"line":170,"column":20}},"loc":{"start":{"line":170,"column":24},"end":{"line":170,"column":52}},"line":170},"12":{"name":"(anonymous_12)","decl":{"start":{"line":178,"column":8},"end":{"line":178,"column":11}},"loc":{"start":{"line":178,"column":24},"end":{"line":190,"column":null}},"line":178},"13":{"name":"(anonymous_13)","decl":{"start":{"line":192,"column":8},"end":{"line":192,"column":11}},"loc":{"start":{"line":192,"column":17},"end":{"line":203,"column":null}},"line":192},"14":{"name":"(anonymous_14)","decl":{"start":{"line":205,"column":8},"end":{"line":205,"column":14}},"loc":{"start":{"line":205,"column":20},"end":{"line":212,"column":null}},"line":205},"15":{"name":"(anonymous_15)","decl":{"start":{"line":214,"column":8},"end":{"line":214,"column":13}},"loc":{"start":{"line":214,"column":16},"end":{"line":227,"column":null}},"line":214},"16":{"name":"createSecureStorage","decl":{"start":{"line":233,"column":9},"end":{"line":233,"column":28}},"loc":{"start":{"line":233,"column":31},"end":{"line":238,"column":null}},"line":233},"17":{"name":"storePassword","decl":{"start":{"line":248,"column":22},"end":{"line":248,"column":35}},"loc":{"start":{"line":248,"column":60},"end":{"line":250,"column":null}},"line":248},"18":{"name":"getPassword","decl":{"start":{"line":252,"column":22},"end":{"line":252,"column":33}},"loc":{"start":{"line":252,"column":48},"end":{"line":254,"column":null}},"line":252},"19":{"name":"removePassword","decl":{"start":{"line":256,"column":22},"end":{"line":256,"column":36}},"loc":{"start":{"line":256,"column":51},"end":{"line":258,"column":null}},"line":256},"20":{"name":"storeBookmarks","decl":{"start":{"line":263,"column":22},"end":{"line":263,"column":36}},"loc":{"start":{"line":263,"column":48},"end":{"line":265,"column":null}},"line":263},"21":{"name":"getBookmarks","decl":{"start":{"line":267,"column":22},"end":{"line":267,"column":34}},"loc":{"start":{"line":267,"column":37},"end":{"line":269,"column":null}},"line":267},"22":{"name":"storeFavorites","decl":{"start":{"line":274,"column":22},"end":{"line":274,"column":36}},"loc":{"start":{"line":274,"column":48},"end":{"line":276,"column":null}},"line":274},"23":{"name":"getFavorites","decl":{"start":{"line":278,"column":22},"end":{"line":278,"column":34}},"loc":{"start":{"line":278,"column":37},"end":{"line":280,"column":null}},"line":278},"24":{"name":"storeSchedulerTasks","decl":{"start":{"line":285,"column":22},"end":{"line":285,"column":41}},"loc":{"start":{"line":285,"column":49},"end":{"line":287,"column":null}},"line":285},"25":{"name":"getSchedulerTasks","decl":{"start":{"line":289,"column":22},"end":{"line":289,"column":39}},"loc":{"start":{"line":289,"column":42},"end":{"line":291,"column":null}},"line":289}},"branchMap":{"0":{"loc":{"start":{"line":29,"column":4},"end":{"line":38,"column":null}},"type":"if","locations":[{"start":{"line":29,"column":4},"end":{"line":38,"column":null}},{"start":{},"end":{}}],"line":29},"1":{"loc":{"start":{"line":144,"column":6},"end":{"line":144,"column":null}},"type":"if","locations":[{"start":{"line":144,"column":6},"end":{"line":144,"column":null}},{"start":{},"end":{}}],"line":144},"2":{"loc":{"start":{"line":148,"column":6},"end":{"line":148,"column":null}},"type":"if","locations":[{"start":{"line":148,"column":6},"end":{"line":148,"column":null}},{"start":{},"end":{}}],"line":148},"3":{"loc":{"start":{"line":166,"column":6},"end":{"line":168,"column":null}},"type":"if","locations":[{"start":{"line":166,"column":6},"end":{"line":168,"column":null}},{"start":{},"end":{}}],"line":166},"4":{"loc":{"start":{"line":196,"column":13},"end":{"line":196,"column":null}},"type":"cond-expr","locations":[{"start":{"line":196,"column":22},"end":{"line":196,"column":40}},{"start":{"line":196,"column":43},"end":{"line":196,"column":null}}],"line":196},"5":{"loc":{"start":{"line":234,"column":2},"end":{"line":236,"column":null}},"type":"if","locations":[{"start":{"line":234,"column":2},"end":{"line":236,"column":null}},{"start":{},"end":{}}],"line":234}},"s":{"0":0,"1":0,"2":0,"3":0,"4":0,"5":0,"6":0,"7":0,"8":0,"9":0,"10":0,"11":0,"12":0,"13":0,"14":0,"15":0,"16":0,"17":0,"18":0,"19":0,"20":0,"21":0,"22":0,"23":0,"24":0,"25":0,"26":0,"27":0,"28":0,"29":0,"30":0,"31":0,"32":0,"33":0,"34":0,"35":0,"36":0,"37":0,"38":0,"39":0,"40":0,"41":0,"42":0,"43":0,"44":0,"45":0,"46":0,"47":0,"48":0,"49":0,"50":0,"51":0,"52":0,"53":0,"54":0,"55":0,"56":0,"57":0,"58":0,"59":0,"60":0,"61":0,"62":0,"63":0,"64":0,"65":0,"66":0,"67":0,"68":0,"69":0,"70":0,"71":0,"72":0,"73":0,"74":0,"75":0,"76":0,"77":0,"78":0,"79":0,"80":0,"81":0,"82":0,"83":0,"84":0,"85":0,"86":0,"87":0,"88":0,"89":0,"90":0,"91":0,"92":0,"93":0,"94":0,"95":0},"f":{"0":0,"1":0,"2":0,"3":0,"4":0,"5":0,"6":0,"7":0,"8":0,"9":0,"10":0,"11":0,"12":0,"13":0,"14":0,"15":0,"16":0,"17":0,"18":0,"19":0,"20":0,"21":0,"22":0,"23":0,"24":0,"25":0},"b":{"0":[0,0],"1":[0,0],"2":[0,0],"3":[0,0],"4":[0,0],"5":[0,0]},"meta":{"lastBranch":6,"lastFunction":26,"lastStatement":96,"seen":{"s:11:28:11:Infinity":0,"s:12:24:12:Infinity":1,"f:17:9:17:16":0,"s:18:2:18:Infinity":2,"f:25:15:25:31":1,"s:26:2:58:Infinity":3,"s:28:22:28:Infinity":4,"b:29:4:38:Infinity:undefined:undefined:undefined:undefined":0,"s:29:4:38:Infinity":5,"s:30:22:30:Infinity":6,"s:31:6:37:Infinity":7,"s:41:16:48:Infinity":8,"s:51:24:51:Infinity":9,"s:52:4:52:Infinity":10,"s:54:4:54:Infinity":11,"s:56:4:56:Infinity":12,"s:57:4:57:Infinity":13,"f:64:15:64:26":2,"s:65:2:89:Infinity":14,"s:66:16:66:Infinity":15,"s:67:20:67:Infinity":16,"s:68:20:68:Infinity":17,"s:71:15:71:Infinity":18,"s:73:23:80:Infinity":19,"s:82:4:85:Infinity":20,"s:87:4:87:Infinity":21,"s:88:4:88:Infinity":22,"f:95:15:95:26":3,"s:96:2:115:Infinity":23,"s:97:16:97:Infinity":24,"s:98:26:98:Infinity":25,"f:98:60:98:61":4,"s:98:65:98:80":26,"s:99:19:99:Infinity":27,"f:99:45:99:46":5,"s:99:50:99:65":28,"s:101:22:108:Infinity":29,"s:110:20:110:Infinity":30,"s:111:4:111:Infinity":31,"s:113:4:113:Infinity":32,"s:114:4:114:Infinity":33,"f:122:2:122:13":6,"s:123:4:123:Infinity":34,"f:126:8:126:11":7,"s:127:4:138:Infinity":35,"s:128:19:128:Infinity":36,"s:129:24:129:Infinity":37,"s:130:6:133:Infinity":38,"s:134:6:134:Infinity":39,"s:136:6:136:Infinity":40,"s:137:6:137:Infinity":41,"f:141:8:141:11":8,"s:142:4:154:Infinity":42,"s:143:18:143:Infinity":43,"b:144:6:144:Infinity:undefined:undefined:undefined:undefined":1,"s:144:6:144:Infinity":44,"s:144:16:144:Infinity":45,"s:146:24:146:Infinity":46,"s:147:24:147:Infinity":47,"b:148:6:148:Infinity:undefined:undefined:undefined:undefined":2,"s:148:6:148:Infinity":48,"s:148:22:148:Infinity":49,"s:150:6:150:Infinity":50,"s:152:6:152:Infinity":51,"s:153:6:153:Infinity":52,"f:157:8:157:14":9,"s:158:4:158:Infinity":53,"f:161:8:161:13":10,"s:163:17:163:Infinity":54,"s:164:4:169:Infinity":55,"s:164:17:164:18":56,"s:165:18:165:Infinity":57,"b:166:6:168:Infinity:undefined:undefined:undefined:undefined":3,"s:166:6:168:Infinity":58,"s:167:8:167:Infinity":59,"s:170:4:170:Infinity":60,"f:170:17:170:20":11,"s:170:24:170:52":61,"f:178:8:178:11":12,"s:179:4:189:Infinity":62,"s:181:21:181:Infinity":63,"s:182:6:182:Infinity":64,"s:183:6:183:Infinity":65,"s:185:6:185:Infinity":66,"s:187:23:187:Infinity":67,"s:188:6:188:Infinity":68,"f:192:8:192:11":13,"s:193:4:202:Infinity":69,"s:194:21:194:Infinity":70,"s:195:21:195:Infinity":71,"s:196:6:196:Infinity":72,"b:196:22:196:40:196:43:196:Infinity":4,"s:198:6:198:Infinity":73,"s:200:23:200:Infinity":74,"s:201:6:201:Infinity":75,"f:205:8:205:14":14,"s:206:4:211:Infinity":76,"s:207:21:207:Infinity":77,"s:208:6:208:Infinity":78,"s:210:6:210:Infinity":79,"f:214:8:214:13":15,"s:217:22:222:Infinity":80,"s:224:4:226:Infinity":81,"s:225:6:225:Infinity":82,"f:233:9:233:28":16,"b:234:2:236:Infinity:undefined:undefined:undefined:undefined":5,"s:234:2:236:Infinity":83,"s:235:4:235:Infinity":84,"s:237:2:237:Infinity":85,"s:241:27:241:Infinity":86,"f:248:22:248:35":17,"s:249:2:249:Infinity":87,"f:252:22:252:33":18,"s:253:2:253:Infinity":88,"f:256:22:256:36":19,"s:257:2:257:Infinity":89,"f:263:22:263:36":20,"s:264:2:264:Infinity":90,"f:267:22:267:34":21,"s:268:2:268:Infinity":91,"f:274:22:274:36":22,"s:275:2:275:Infinity":92,"f:278:22:278:34":23,"s:279:2:279:Infinity":93,"f:285:22:285:41":24,"s:286:2:286:Infinity":94,"f:289:22:289:39":25,"s:290:2:290:Infinity":95}}}
,"/home/seven-usr/xterminal-pro/src/utils/sftp-features.js": {"path":"/home/seven-usr/xterminal-pro/src/utils/sftp-features.js","statementMap":{"0":{"start":{"line":5,"column":14},"end":{"line":5,"column":null}},"1":{"start":{"line":6,"column":16},"end":{"line":17,"column":null}},"2":{"start":{"line":18,"column":2},"end":{"line":18,"column":null}},"3":{"start":{"line":22,"column":15},"end":{"line":22,"column":null}},"4":{"start":{"line":23,"column":2},"end":{"line":23,"column":null}},"5":{"start":{"line":29,"column":4},"end":{"line":29,"column":null}},"6":{"start":{"line":30,"column":4},"end":{"line":30,"column":null}},"7":{"start":{"line":34,"column":4},"end":{"line":35,"column":null}},"8":{"start":{"line":34,"column":33},"end":{"line":34,"column":null}},"9":{"start":{"line":35,"column":9},"end":{"line":35,"column":null}},"10":{"start":{"line":36,"column":4},"end":{"line":36,"column":null}},"11":{"start":{"line":37,"column":4},"end":{"line":37,"column":null}},"12":{"start":{"line":41,"column":21},"end":{"line":41,"column":null}},"13":{"start":{"line":41,"column":42},"end":{"line":41,"column":62}},"14":{"start":{"line":42,"column":19},"end":{"line":42,"column":null}},"15":{"start":{"line":42,"column":40},"end":{"line":42,"column":58}},"16":{"start":{"line":43,"column":4},"end":{"line":43,"column":null}},"17":{"start":{"line":43,"column":36},"end":{"line":43,"column":null}},"18":{"start":{"line":44,"column":23},"end":{"line":44,"column":null}},"19":{"start":{"line":45,"column":4},"end":{"line":47,"column":null}},"20":{"start":{"line":45,"column":17},"end":{"line":45,"column":21}},"21":{"start":{"line":46,"column":6},"end":{"line":46,"column":null}},"22":{"start":{"line":48,"column":4},"end":{"line":48,"column":null}},"23":{"start":{"line":49,"column":4},"end":{"line":49,"column":null}},"24":{"start":{"line":53,"column":4},"end":{"line":53,"column":null}},"25":{"start":{"line":53,"column":23},"end":{"line":53,"column":48}},"26":{"start":{"line":54,"column":4},"end":{"line":54,"column":null}},"27":{"start":{"line":58,"column":4},"end":{"line":58,"column":null}},"28":{"start":{"line":59,"column":4},"end":{"line":59,"column":null}},"29":{"start":{"line":60,"column":4},"end":{"line":60,"column":null}},"30":{"start":{"line":64,"column":4},"end":{"line":64,"column":null}},"31":{"start":{"line":68,"column":4},"end":{"line":68,"column":null}},"32":{"start":{"line":72,"column":4},"end":{"line":72,"column":null}},"33":{"start":{"line":77,"column":31},"end":{"line":87,"column":null}}},"fnMap":{"0":{"name":"getFileType","decl":{"start":{"line":4,"column":16},"end":{"line":4,"column":27}},"loc":{"start":{"line":4,"column":38},"end":{"line":19,"column":null}},"line":4},"1":{"name":"isPreviewable","decl":{"start":{"line":21,"column":16},"end":{"line":21,"column":29}},"loc":{"start":{"line":21,"column":40},"end":{"line":24,"column":null}},"line":21},"2":{"name":"(anonymous_2)","decl":{"start":{"line":28,"column":2},"end":{"line":28,"column":13}},"loc":{"start":{"line":28,"column":16},"end":{"line":31,"column":null}},"line":28},"3":{"name":"(anonymous_3)","decl":{"start":{"line":33,"column":2},"end":{"line":33,"column":8}},"loc":{"start":{"line":33,"column":15},"end":{"line":38,"column":null}},"line":33},"4":{"name":"(anonymous_4)","decl":{"start":{"line":40,"column":2},"end":{"line":40,"column":13}},"loc":{"start":{"line":40,"column":41},"end":{"line":50,"column":null}},"line":40},"5":{"name":"(anonymous_5)","decl":{"start":{"line":41,"column":37},"end":{"line":41,"column":38}},"loc":{"start":{"line":41,"column":42},"end":{"line":41,"column":62}},"line":41},"6":{"name":"(anonymous_6)","decl":{"start":{"line":42,"column":35},"end":{"line":42,"column":36}},"loc":{"start":{"line":42,"column":40},"end":{"line":42,"column":58}},"line":42},"7":{"name":"(anonymous_7)","decl":{"start":{"line":52,"column":2},"end":{"line":52,"column":11}},"loc":{"start":{"line":52,"column":19},"end":{"line":55,"column":null}},"line":52},"8":{"name":"(anonymous_8)","decl":{"start":{"line":53,"column":18},"end":{"line":53,"column":19}},"loc":{"start":{"line":53,"column":23},"end":{"
[...]
,"/home/seven-usr/xterminal-pro/src/utils/tauri.js": {"path":"/home/seven-usr/xterminal-pro/src/utils/tauri.js","statementMap":{"0":{"start":{"line":6,"column":0},"end":{"line":19,"column":null}},"1":{"start":{"line":8,"column":2},"end":{"line":14,"column":null}},"2":{"start":{"line":9,"column":4},"end":{"line":9,"column":null}},"3":{"start":{"line":10,"column":4},"end":{"line":10,"column":null}},"4":{"start":{"line":11,"column":4},"end":{"line":11,"column":null}},"5":{"start":{"line":13,"column":4},"end":{"line":13,"column":null}},"6":{"start":{"line":16,"column":2},"end":{"line":16,"column":null}},"7":{"start":{"line":17,"column":2},"end":{"line":17,"column":null}},"8":{"start":{"line":18,"column":2},"end":{"line":18,"column":null}},"9":{"start":{"line":21,"column":23},"end":{"line":21,"column":31}},"10":{"start":{"line":23,"column":22},"end":{"line":61,"column":5}},"11":{"start":{"line":27,"column":6},"end":{"line":60,"column":null}},"12":{"start":{"line":28,"column":28},"end":{"line":28,"column":null}},"13":{"start":{"line":29,"column":32},"end":{"line":29,"column":null}},"14":{"start":{"line":30,"column":33},"end":{"line":30,"column":null}},"15":{"start":{"line":31,"column":28},"end":{"line":31,"column":null}},"16":{"start":{"line":32,"column":31},"end":{"line":32,"column":null}},"17":{"start":{"line":33,"column":34},"end":{"line":33,"column":null}},"18":{"start":{"line":34,"column":32},"end":{"line":34,"column":null}},"19":{"start":{"line":35,"column":81},"end":{"line":35,"column":null}},"20":{"start":{"line":36,"column":32},"end":{"line":36,"column":null}},"21":{"start":{"line":37,"column":28},"end":{"line":37,"column":null}},"22":{"start":{"line":38,"column":25},"end":{"line":38,"column":null}},"23":{"start":{"line":39,"column":33},"end":{"line":39,"column":null}},"24":{"start":{"line":40,"column":58},"end":{"line":40,"column":null}},"25":{"start":{"line":41,"column":32},"end":{"line":41,"column":null}},"26":{"start":{"line":42,"column":32},"end":{"line":42,"column":null}},"27":{"start":{"line":43,"column":33},"end":{"line":43,"column":null}},"28":{"start":{"line":44,"column":28},"end":{"line":44,"column":null}},"29":{"start":{"line":45,"column":30},"end":{"line":45,"column":null}},"30":{"start":{"line":46,"column":28},"end":{"line":46,"column":null}},"31":{"start":{"line":47,"column":28},"end":{"line":47,"column":null}},"32":{"start":{"line":48,"column":27},"end":{"line":48,"column":null}},"33":{"start":{"line":49,"column":27},"end":{"line":49,"column":null}},"34":{"start":{"line":50,"column":31},"end":{"line":50,"column":null}},"35":{"start":{"line":51,"column":32},"end":{"line":51,"column":null}},"36":{"start":{"line":52,"column":100},"end":{"line":52,"column":null}},"37":{"start":{"line":53,"column":60},"end":{"line":53,"column":null}},"38":{"start":{"line":54,"column":32},"end":{"line":54,"column":null}},"39":{"start":{"line":55,"column":143},"end":{"line":55,"column":null}},"40":{"start":{"line":56,"column":34},"end":{"line":56,"column":null}},"41":{"start":{"line":57,"column":87},"end":{"line":57,"column":null}},"42":{"start":{"line":58,"column":34},"end":{"line":58,"column":null}},"43":{"start":{"line":59,"column":17},"end":{"line":59,"column":null}},"44":{"start":{"line":63,"column":22},"end":{"line":68,"column":5}},"45":{"start":{"line":67,"column":6},"end":{"line":67,"column":null}},"46":{"start":{"line":71,"column":14},"end":{"line":71,"column":44}},"47":{"start":{"line":72,"column":20},"end":{"line":86,"column":3}},"48":{"start":{"line":87,"column":2},"end":{"line":87,"column":null}},"49":{"start":{"line":87,"column":27},"end":{"line":87,"column":null}},"50":{"start":{"line":88,"column":2},"end":{"line":88,"column":null}},"51":{"start":{"line":88,"column":22},"end":{"line":88,"column":null}},"52":{"start":{"line":89,"column":2},"end":{"line":89,"column":null}},"53":{"start":{"line":93,"column":2},"end":{"line":97,"column":null}},"54":{"start":{"line":101,"column":2},"end":{"line":105,"column":null}}},"fnMap":{"0":{"name":"(anonymous_0)","decl":{"start":{"line":25,"column":4},"end":{"line":25,"column":9}},"loc":{"start":{"line":25,"column":30},"end":{"line":61,"column":5}},"line":25},"1":{"name":"(anonymous_1)","decl":{"start":{"line":65,"column":4},"end":{"line":65,"column":9}},"loc":{"start":{"line":65,"column":31},"end":{"line":68,"column":5}},"line":65},"2":{"name":"(anonymous_2)","decl":{"start":{"line":67,"column":13},"end":{"line":67,"column":14}},"loc":{"start":{"line":67,"column":19},"end":{"line":67,"column":21}},"line":67},"3":{"name":"mockExecute","decl":{"start":{"line":70,"column":9},"end":{"line":70,"column":20}},"loc":{"start":{"line":70,"column":30},"end":{"line":90,"column":null}},"line":70},"4":{"name":"mockLocalFiles","decl":{"start":{"line":92,"column":9},"end":{"line":92,"column":23}},"loc":{"start":{"line":92,"column":30},"end":{"line":98,"column":null}},"line":92},"5":{"name":"mockRemoteFiles","decl":{"start":{"line":100,"column":9},"end":{"line":100,"column":24}},"loc":{"start":{"line":100,"column":31},"end":{"line":106,"column":null}},"line":100}},"branchMap":{"0":{"loc":{"start":{"line":8,"column":2},"end":{"line":14,"column":null}},"type":"if","locations":[{"start":{"line":8,"column":2},"end":{"line":14,"column":null}},{"start":{"line":12,"column":9},"end":{"line":14,"column":null}}],"line":8},"1":{"loc":{"start":{"line":8,"column":6},"end":{"line":8,"column":80}},"type":"binary-expr","locations":[{"start":{"line":8,"column":6},"end":{"line":8,"column":35}},{"start":{"line":8,"column":39},"end":{"line":8,"column":55}},{"start":{"line":8,"column":59},"end":{"line":8,"column":80}}],"line":8},"2":{"loc":{"start":{"line":23,"column":22},"end":{"line":61,"column":5}},"type":"cond-expr","locations":[{"start":{"line":24,"column":4},"end":{"line":24,"column":null}},{"start":{"line":25,"column":4},"end":{"line":61,"column":5}}],"line":23},"3":{"loc":{"start":{"line":25,"column":16},"end":{"line":25,"column":25}},"type":"default-arg","locations":[{"start":{"line":25,"column":23},"end":{"line":25,"column":25}}],"line":25},"4":{"loc":{"start":{"line":27,"column":6},"end":{"line":60,"column":null}},"type":"switch","locations":[{"start":{"line":28,"column":8},"end":{"line":28,"column":null}},{"start":{"line":29,"column":8},"end":{"line":29,"column":null}},{"start":{"line":30,"column":8},"end":{"line":30,"column":null}},{"start":{"line":31,"column":8},"end":{"line":31,"column":null}},{"start":{"line":32,"column":8},"end":{"line":32,"column":null}},{"start":{"line":33,"column":8},"end":{"line":33,"column":null}},{"start":{"line":34,"column":8},"end":{"line":34,"column":null}},{"start":{"line":35,"column":8},"end":{"line":35,"column":31}},{"start":{"line":35,"column":32},"end":{"line":35,"column":56}},{"start":{"line":35,"column":57},"end":{"line":35,"column":null}},{"start":{"line":36,"column":8},"end":{"line":36,"column":null}},{"start":{"line":37,"column":8},"end":{"line":37,"column":null}},{"start":{"line":38,"column":8},"end":{"line":38,"column":null}},{"start":{"line":39,"column":8},"end":{"line":39,"column":null}},{"start":{"line":40,"column":8},"end":{"line":40,"column":31}},{"start":{"line":40,"column":32},"end":{"line":40,"column":null}},{"start":{"line":41,"column":8},"end":{"line":41,"column":null}},{"start":{"line":42,"column":8},"end":{"line":42,"column":null}},{"start":{"line":43,"column":8},"end":{"line":43,"column":null}},{"start":{"line":44,"column":8},"end":{"line":44,"column":null}},{"start":{"line":45,"column":8},"end":{"line":45,"column":null}},{"start":{"line":46,"column":8},"end":{"line":46,"column":null}},{"start":{"line":47,"column":8},"end":{"line":47,"column":null}},{"start":{"line":48,"column":8},"end":{"line":48,"column":null}},{"start":{"line":49,"column":8},"end":{"line":49,"column":null}},{"start":{"line":50,"column":8},"end":{"line":50,"column":null}},{"start":{"line":51,"column":8},"end":{"line":51,"column":null}},{"start":{"line":52,"column":8},"end":{"line":52,"column":37}},{"start":{"line":52,"column":38},"end":{"line":52,"column":67}},{"start":{"line":52,"column":68},"end":{"line":52,"column":null}},{"start":{"line":53,"column":8},"end":{"line":53,"column":33}},{"start":{"line":53,"column":34},"end":{"line":53,"column":null}},{"start":{"line":54,"column":8},"end":{"line":54,"column":null}},{"start":{"line":55,"column":8},"end":{"line":55,"column":35}},{"start":{"line":55,"column":36},"end":{"line":55,"column":60}},{"start":{"line":55,"column":61},"end":{"line":55,"column":88}},{"start":{"line":55,"column":89},"end":{"line":55,"column":116}},{"start":{"line":55,"column":117},"end":{"line":55,"column":null}},{"start":{"line":56,"column":8},"end":{"line":56,"column":null}},{"start":{"line":57,"column":8},"end":{"line":57,"column":33}},{"start":{"line":57,"column":34},"end":{"line":57,"column":60}},{"start":{"line":57,"column":61},"end":{"line":57,"column":null}},{"start":{"line":58,"column":8},"end":{"line":58,"column":null}},{"start":{"line":59,"column":8},"end":{"line":59,"column":null}}],"line":27},"5":{"loc":{"start":{"line":63,"column":22},"end":{"line":68,"column":5}},"type":"cond-expr","locations":[{"start":{"line":64,"column":4},"end":{"line":64,"column":null}},{"start":{"line":65,"column":4},"end":{"line":68,"column":5}}],"line":63},"6":{"loc":{"start":{"line":87,"column":2},"end":{"line":87,"column":null}},"type":"if","locations":[{"start":{"line":87,"column":2},"end":{"line":87,"column":null}},{"start":{},"end":{}}],"line":87},"7":{"loc":{"start":{"line":88,"column":2},"end":{"line":88,"column":null}},"type":"if","locations":[{"start":{"line":88,"column":2},"end":{"line":88,"column":null}},{"start":{},"end":{}}],"line":88},"8":{"loc":{"start":{"line":89,"column":9},"end":{"line":89,"column":104}},"type":"binary-expr","locations":[{"start":{"line":89,"column":9},"end":{"line":89,"column":27}},{"start":{"line":89,"column":31},"end":{"line":89,"column":45}},{"start":{"line":89,"column":49},"end":{"line":89,"column":104}}],"line":89}},"s":{"0":2,"1":2,"2":2,"3":2,"4":2,"5":0,"6":2,"7":2,"8":2,"9":2,"10":2,"11":15,"12":2,"13":0,"14":0,"15":0,"16":0,"17":0,"18":0,"19":0,"20":0,"21":4,"22":2,"23":3,"24":0,"25":0,"26":3,"27":0,"28":0,"29":0,"30":0,"31":0,"32":0,"33":0,"34":0,"35":0,"36":0,"37":0,"38":0,"39":0,"40":0,"41":0,"42":0,"43":1,"44":2,"45":0,"46":0,"47":0,"48":0,"49":0,"50":0,"51":0,"52":0,"53":3,"54":0},"f":{"0":15,"1":0,"2":0,"3":0,"4":3,"5":0},"b":{"0":[2,0],"1":[2,2,2],"2":[0,15],"3":[15],"4":[2,0,0,0,0,0,0,0,0,0,0,4,2,3,0,0,0,3,0,0,0,0,0,0,0,0,0,0,0,0,0,0,0,0,0,0,0,0,0,0,0,0,0,1],"5":[0,0],"6":[0,0],"7":[0,0],"8":[0,0,0]},"meta":{"lastBranch":9,"lastFunction":6,"lastStatement":55,"seen":{"s:6:0:19:Infinity":0,"b:8:2:14:Infinity:12:9:14:Infinity":0,"s:8:2:14:Infinity":1,"b:8:6:8:35:8:39:8:55:8:59:8:80":1,"s:9:4:9:Infinity":2,"s:10:4:10:Infinity":3,"s:11:4:11:Infinity":4,"s:13:4:13:Infinity":5,"s:16:2:16:Infinity":6,"s:17:2:17:Infinity":7,"s:18:2:18:Infinity":8,"s:21:23:21:31":9,"s:23:22:61:5":10,"b:24:4:24:Infinity:25:4:61:5":2,"f:25:4:25:9":0,"b:25:23:25:25":3,"b:28:8:28:Infinity:29:8:29:Infinity:30:8:30:Infinity:31:8:31:Infinity:32:8:32:Infinity:33:8:33:Infinity:34:8:34:Infinity:35:8:35:31:35:32:35:56:35:57:35:Infinity:36:8:36:Infinity:37:8:37:Infinity:38:8:38:Infinity:39:8:39:Infinity:40:8:40:31:40:32:40:Infinity:41:8:41:Infinity:42:8:42:Infinity:43:8:43:Infinity:44:8:44:Infinity:45:8:45:Infinity:46:8:46:Infinity:47:8:47:Infinity:48:8:48:Infinity:49:8:49:Infinity:50:8:50:Infinity:51:8:51:Infinity:52:8:52:37:52:38:52:67:52:68:52:Infinity:53:8:53:33:53:34:53:Infinity:54:8:54:Infinity:55:8:55:35:55:36:55:60:55:61:55:88:55:89:55:116:55:117:55:Infinity:56:8:56:Infinity:57:8:57:33:57:34:57:60:57:61:57:Infinity:58:8:58:Infinity:59:8:59:Infinity":4,"s:27:6:60:Infinity":11,"s:28:28:28:Infinity":12,"s:29:32:29:Infinity":13,"s:30:33:30:Infinity":14,"s:31:28:31:Infinity":15,"s:32:31:32:Infinity":16,"s:33:34:33:Infinity":17,"s:34:32:34:Infinity":18,"s:35:81:35:Infinity":19,"s:36:32:36:Infinity":20,"s:37:28:37:Infinity":21,"s:38:25:38:Infinity":22,"s:39:33:39:Infinity":23,"s:40:58:40:Infinity":24,"s:41:32:41:Infinity":25,"s:42:32:42:Infinity":26,"s:43:33:43:Infinity":27,"s:44:28:44:Infinity":28,"s:45:30:45:Infinity":29,"s:46:28:46:Infinity":30,"s:47:28:47:Infinity":31,"s:48:27:48:Infinity":32,"s:49:27:49:Infinity":33,"s:50:31:50:Infinity":34,"s:51:32:51:Infinity":35,"s:52:100:52:Infinity":36,"s:53:60:53:Infinity":37,"s:54:32:54:Infinity":38,"s:55:143:55:Infinity":39,"s:56:34:56:Infinity":40,"s:57:87:57:Infinity":41,"s:58:34:58:Infinity":42,"s:59:17:59:Infinity":43,"s:63:22:68:5":44,"b:64:4:64:Infinity:65:4:68:5":5,"f:65:4:65:9":1,"s:67:6:67:Infinity":45,"f:67:13:67:14":2,"f:70:9:70:20":3,"s:71:14:71:44":46,"s:72:20:86:3":47,"b:87:2:87:Infinity:undefined:undefined:undefined:undefined":6,"s:87:2:87:Infinity":48,"s:87:27:87:Infinity":49,"b:88:2:88:Infinity:undefined:undefined:undefined:undefined":7,"s:88:2:88:Infinity":50,"s:88:22:88:Infinity":51,"s:89:2:89:Infinity":52,"b:89:9:89:27:89:31:89:45:89:49:89:104":8,"f:92:9:92:23":4,"s:93:2:97:Infinity":53,"f:100:9:100:24":5,"s:101:2:105:Infinity":54}}}
,"/home/seven-usr/xterminal-pro/src/utils/themes.js": {"path":"/home/seven-usr/xterminal-pro/src/utils/themes.js","statementMap":{"0":{"start":{"line":1,"column":22},"end":{"line":50,"column":null}},"1":{"start":{"line":53,"column":2},"end":{"line":53,"column":null}},"2":{"start":{"line":57,"column":2},"end":{"line":57,"column":null}},"3":{"start":{"line":57,"column":53},"end":{"line":57,"column":84}}},"fnMap":{"0":{"name":"getTheme","decl":{"start":{"line":52,"column":16},"end":{"line":52,"column":24}},"loc":{"start":{"line":52,"column":31},"end":{"line":54,"column":null}},"line":52},"1":{"name":"getThemeNames","decl":{"start":{"line":56,"column":16},"end":{"line":56,"column":29}},"loc":{"start":{"line":56,"column":32},"end":{"line":58,"column":null}},"line":56},"2":{"name":"(anonymous_2)","decl":{"start":{"line":57,"column":36},"end":{"line":57,"column":37}},"loc":{"start":{"line":57,"column":53},"end":{"line":57,"column":84}},"line":57}},"branchMap":{"0":{"loc":{"start":{"line":53,"column":9},"end":{"line":53,"column":null}},"type":"binary-expr","locations":[{"start":{"line":53,"column":9},"end":{"line":53,"column":21}},{"start":{"line":53,"column":25},"end":{"line":53,"column":null}}],"line":53}},"s":{"0":0,"1":0,"2":0,"3":0},"f":{"0":0,"1":0,"2":0},"b":{"0":[0,0]},"meta":{"lastBranch":1,"lastFunction":3,"lastStatement":4,"seen":{"s:1:22:50:Infinity":0,"f:52:16:52:24":0,"s:53:2:53:Infinity":1,"b:53:9:53:21:53:25:53:Infinity":0,"f:56:16:56:29":1,"s:57:2:57:Infinity":2,"f:57:36:57:37":2,"s:57:53:57:84":3}}}
,"/home/seven-usr/xterminal-pro/src/utils/virtual-scroll.js": {"path":"/home/seven-usr/xterminal-pro/src/utils/virtual-scroll.js","statementMap":{"0":{"start":{"line":3,"column":16},"end":{"line":3,"column":null}},"1":{"start":{"line":4,"column":23},"end":{"line":4,"column":null}},"2":{"start":{"line":5,"column":14},"end":{"line":5,"column":null}},"3":{"start":{"line":6,"column":2},"end":{"line":6,"column":null}},"4":{"start":{"line":10,"column":2},"end":{"line":14,"column":null}},"5":{"start":{"line":10,"column":51},"end":{"line":14,"column":3}}},"fnMap":{"0":{"name":"calculateVisibleRange","decl":{"start":{"line":2,"column":16},"end":{"line":2,"column":37}},"loc":{"start":{"line":2,"column":90},"end":{"line":7,"column":null}},"line":2},"1":{"name":"getVisibleItems","decl":{"start":{"line":9,"column":16},"end":{"line":9,"column":31}},"loc":{"start":{"line":9,"column":51},"end":{"line":15,"column":null}},"line":9},"2":{"name":"(anonymous_2)","decl":{"start":{"line":10,"column":37},"end":{"line":10,"column":38}},"loc":{"start":{"line":10,"column":51},"end":{"line":14,"column":3}},"line":10}},"branchMap":{},"s":{"0":0,"1":0,"2":0,"3":0,"4":0,"5":0},"f":{"0":0,"1":0,"2":0},"b":{},"meta":{"lastBranch":0,"lastFunction":3,"lastStatement":6,"seen":{"f:2:16:2:37":0,"s:3:16:3:Infinity":0,"s:4:23:4:Infinity":1,"s:5:14:5:Infinity":2,"s:6:2:6:Infinity":3,"f:9:16:9:31":1,"s:10:2:14:Infinity":4,"f:10:37:10:38":2,"s:10:51:14:3":5}}}
,"/home/seven-usr/xterminal-pro/src/utils/window-state.js": {"path":"/home/seven-usr/xterminal-pro/src/utils/window-state.js","statementMap":{"0":{"start":{"line":2,"column":20},"end":{"line":2,"column":null}},"1":{"start":{"line":5,"column":2},"end":{"line":17,"column":null}},"2":{"start":{"line":8,"column":18},"end":{"line":15,"column":null}},"3":{"start":{"line":16,"column":4},"end":{"line":16,"column":null}},"4":{"start":{"line":21,"column":2},"end":{"line":25,"column":null}},"5":{"start":{"line":22,"column":4},"end":{"line":22,"column":null}},"6":{"start":{"line":24,"column":4},"end":{"line":24,"column":null}},"7":{"start":{"line":29,"column":2},"end":{"line":29,"column":null}},"8":{"start":{"line":33,"column":16},"end":{"line":33,"column":null}},"9":{"start":{"line":35,"column":2},"end":{"line":38,"column":null}},"10":{"start":{"line":36,"column":4},"end":{"line":36,"column":null}},"11":{"start":{"line":37,"column":4},"end":{"line":37,"column":null}}},"fnMap":{"0":{"name":"saveWindowState","decl":{"start":{"line":4,"column":16},"end":{"line":4,"column":31}},"loc":{"start":{"line":4,"column":34},"end":{"line":18,"column":null}},"line":4},"1":{"name":"loadWindowState","decl":{"start":{"line":20,"column":16},"end":{"line":20,"column":31}},"loc":{"start":{"line":20,"column":34},"end":{"line":26,"column":null}},"line":20},"2":{"name":"clearWindowState","decl":{"start":{"line":28,"column":16},"end":{"line":28,"column":32}},"loc":{"start":{"line":28,"column":35},"end":{"line":30,"column":null}},"line":28},"3":{"name":"startAutoSave","decl":{"start":{"line":34,"column":16},"end":{"line":34,"column":29}},"loc":{"start":{"line":34,"column":32},"end":{"line":39,"column":null}},"line":34},"4":{"name":"(anonymous_4)","decl":{"start":{"line":35,"column":36},"end":{"line":35,"column":37}},"loc":{"start":{"line":35,"column":42},"end":{"line":38,"column":3}},"line":35}},"branchMap":{},"s":{"0":1,"1":13,"2":13,"3":13,"4":8,"5":8,"6":1,"7":4,"8":1,"9":3,"10":0,"11":0},"f":{"0":13,"1":8,"2":4,"3":3,"4":0},"b":{},"meta":{"lastBranch":0,"lastFunction":5,"lastStatement":12,"seen":{"s:2:20:2:Infinity":0,"f:4:16:4:31":0,"s:5:2:17:Infinity":1,"s:8:18:15:Infinity":2,"s:16:4:16:Infinity":3,"f:20:16:20:31":1,"s:21:2:25:Infinity":4,"s:22:4:22:Infinity":5,"s:24:4:24:Infinity":6,"f:28:16:28:32":2,"s:29:2:29:Infinity":7,"s:33:16:33:Infinity":8,"f:34:16:34:29":3,"s:35:2:38:Infinity":9,"f:35:36:35:37":4,"s:36:4:36:Infinity":10,"s:37:4:37:Infinity":11}}}
}
